*** Remote debug - over telnet - for ESP32 - version 3.0.5
* Host name: ams-c6d8 IP:192.168.10.59 Mac address:58:CF:79:A1:D8:C6
* Free Heap RAM: 110380
* ESP SDK version: 4.4.5.230722
******************************************************
* Commands:
    ? or help -> display these help of commands
    q -> quit (close this connection)
    m -> display memory available
    v -> set debug level to verbose
    d -> set debug level to debug
    i -> set debug level to info
    w -> set debug level to warning
    e -> set debug level to errors
    s -> set debug silence on/off
    l -> show debug level
    t -> show time (millis)
    profiler:
      p      -> show time between actual and last message (in millis)
      p min  -> show only if time is this minimal
      P time -> set debug level to profiler
    c -> show colors
    filter:
          filter <string> -> show only debugs with this
          nofilter        -> disable the filter
* Please type the command and press enter to execute.(? or h for this help)
***
(V) HDLC frame:
(V) 7E A1 00 41  03 13 2F 7A  E6 E7 00 DB  08 4B 41 4D
(V) 45 01 AB F4  3F 82 00 E7  30 00 78 4A  66 6D C6 58
(V) EE A9 09 B2  79 6B 64 6A  A7 13 D7 C7  EA 84 62 48
(V) AA E6 58 46  07 82 32 31  74 D1 29 A0  F1 B0 97 0E
(V) C4 96 D2 05  0F 53 08 9F  90 D2 35 10  10 03 B5 00
(V) 2B 5D C3 C0  09 1F 2E 8F  B0 FB 77 8F  B5 70 62 D5
(V) 24 04 2B 0D  A5 C1 95 DB  F5 32 31 A6  89 D2 5B DB
(V) 62 22 FF 78  05 71 B1 AD  4D D6 6E 55  19 68 F1 87
(V) A1 CE F8 D6  F1 C9 B4 DE  6F 47 0F E5  61 20 46 AF
(V) 9A 1D 3F 69  4F 8B 4E 5F  54 B3 AE DD  D9 53 25 3A
(V) 11 4E 82 1B  10 5C B1 55  F6 65 BB 26  8E 64 EF E5
(V) B0 18 71 1E  C4 B5 D8 6A  95 05 67 8C  E2 9E A2 82
(V) B0 46 A9 B6  0C 3A 7D 57  96 DD 36 1D  5C 90 1E CD
(V) B9 F1 FD 51  BC EE 66 4F  1A 30 7D 88  01 77 D8 D1
(V) 62 1A 31 E9  3E DA E0 17  16 56 DD 15  3B 3B 0C 37
(V) C3 79 89 87  FB B2 01 BA  EC CC A2 6D  B3 41 1E B8
(V) 66 7E
(V) LLC frame:
(V) E6 E7 00 DB  08 4B 41 4D  45 01 AB F4  3F 82 00 E7
(V) 30 00 78 4A  66 6D C6 58  EE A9 09 B2  79 6B 64 6A
(V) A7 13 D7 C7  EA 84 62 48  AA E6 58 46  07 82 32 31
(V) 74 D1 29 A0  F1 B0 97 0E  C4 96 D2 05  0F 53 08 9F
(V) 90 D2 35 10  10 03 B5 00  2B 5D C3 C0  09 1F 2E 8F
(V) B0 FB 77 8F  B5 70 62 D5  24 04 2B 0D  A5 C1 95 DB
(V) F5 32 31 A6  89 D2 5B DB  62 22 FF 78  05 71 B1 AD
(V) 4D D6 6E 55  19 68 F1 87  A1 CE F8 D6  F1 C9 B4 DE
(V) 6F 47 0F E5  61 20 46 AF  9A 1D 3F 69  4F 8B 4E 5F
(V) 54 B3 AE DD  D9 53 25 3A  11 4E 82 1B  10 5C B1 55
(V) F6 65 BB 26  8E 64 EF E5  B0 18 71 1E  C4 B5 D8 6A
(V) 95 05 67 8C  E2 9E A2 82  B0 46 A9 B6  0C 3A 7D 57
(V) 96 DD 36 1D  5C 90 1E CD  B9 F1 FD 51  BC EE 66 4F
(V) 1A 30 7D 88  01 77 D8 D1  62 1A 31 E9  3E DA E0 17
(V) 16 56 DD 15  3B 3B 0C 37  C3 79 89 87  FB B2 01 BA
(V) EC CC A2 6D  B3 41 1E
(V) GCM frame:
(V) DB 08 4B 41  4D 45 01 AB  F4 3F 82 00  E7 30 00 78
(V) 4A 66 0F 00  00 00 00 0C  07 E9 09 09  02 0E 0B 00
(V) FF 80 00 00  02 19 0A 0E  4B 61 6D 73  74 72 75 70
(V) 5F 56 30 30  30 31 09 06  01 01 00 00  05 FF 0A 10
(V) 35 37 30 36  35 36 37 32  38 30 34 36  33 39 39 31
(V) 09 06 01 01  60 01 01 FF  0A 12 36 38  34 31 31 33
(V) 38 42 4E 32  34 33 31 30  31 30 31 30  09 06 01 01
(V) 01 07 00 FF  06 00 00 02  51 09 06 01  01 02 07 00
(V) FF 06 00 00  00 00 09 06  01 01 03 07  00 FF 06 00
(V) 00 00 1B 09  06 01 01 04  07 00 FF 06  00 00 00 AA
(V) 09 06 01 01  1F 07 00 FF  06 00 00 00  FC 09 06 01
(V) 01 33 07 00  FF 06 00 00  00 14 09 06  01 01 47 07
(V) 00 FF 06 00  00 00 24 09  06 01 01 20  07 00 FF 12
(V) 56 B7 09 06  01 01 34 07  00 FF 12 57  2A 09 06 01
(V) 01 48 07 00  FF 12 57 31  87 FB B2 01  BA EC CC A2
(V) 6D B3 41 1E
(V) DLMS frame:
(V) 0F 00 00 00  00 0C 07 E9  09 09 02 0E  0B 00 FF 80
(V) 00 00 02 19  0A 0E 4B 61  6D 73 74 72  75 70 5F 56
(V) 30 30 30 31  09 06 01 01  00 00 05 FF  0A 10 35 37
(V) 30 36 35 36  37 32 38 30  34 36 33 39  39 31 09 06
(V) 01 01 60 01  01 FF 0A 12  36 38 34 31  31 33 38 42
(V) 4E 32 34 33  31 30 31 30  31 30 09 06  01 01 01 07
(V) 00 FF 06 00  00 02 51 09  06 01 01 02  07 00 FF 06
(V) 00 00 00 00  09 06 01 01  03 07 00 FF  06 00 00 00
(V) 1B 09 06 01  01 04 07 00  FF 06 00 00  00 AA 09 06
(V) 01 01 1F 07  00 FF 06 00  00 00 FC 09  06 01 01 33
(V) 07 00 FF 06  00 00 00 14  09 06 01 01  47 07 00 FF
(V) 06 00 00 00  24 09 06 01  01 20 07 00  FF 12 56 B7
(V) 09 06 01 01  34 07 00 FF  12 57 2A 09  06 01 01 48
(V) 07 00 FF 12  57 31
(D) Received valid DLMS at 47 +196
(V) Using application data:
(V) 02 19 0A 0E  4B 61 6D 73  74 72 75 70  5F 56 30 30
(V) 30 31 09 06  01 01 00 00  05 FF 0A 10  35 37 30 36
(V) 35 36 37 32  38 30 34 36  33 39 39 31  09 06 01 01
(V) 60 01 01 FF  0A 12 36 38  34 31 31 33  38 42 4E 32
(V) 34 33 31 30  31 30 31 30  09 06 01 01  01 07 00 FF
(V) 06 00 00 02  51 09 06 01  01 02 07 00  FF 06 00 00
(V) 00 00 09 06  01 01 03 07  00 FF 06 00  00 00 1B 09
(V) 06 01 01 04  07 00 FF 06  00 00 00 AA  09 06 01 01
(V) 1F 07 00 FF  06 00 00 00  FC 09 06 01  01 33 07 00
(V) FF 06 00 00  00 14 09 06  01 01 47 07  00 FF 06 00
(V) 00 00 24 09  06 01 01 20  07 00 FF 12  56 B7 09 06
(V) 01 01 34 07  00 FF 12 57  2A 09 06 01  01 48 07 00
(V) FF 12 57 31
(V) DLMS
(D) NOT Ready to update (internal clock 13:11:02 UTC, meter clock: 00:00:00, list type 2, est: 1)
(V) HDLC frame:
(V) 7E A1 00 41  03 13 2F 7A  E6 E7 00 DB  08 4B 41 4D
(V) 45 01 AB F4  3F 82 00 E7  30 00 78 4A  67 B4 04 4A
(V) 0E 51 3B 6A  2E C2 27 66  64 E8 D4 32  6C 17 98 2D
(V) 15 C6 A1 7F  BD 62 51 B5  2C B7 F4 12  D3 A7 2B 80
(V) AA 1C C0 FD  32 B8 F0 A4  CF E9 56 E2  08 3F DB AF
(V) 66 B7 B0 D7  B2 31 AE 8D  AD B2 08 14  63 29 FA 55
(V) 45 D7 3C 09  AF 67 D8 11  47 53 1E AD  9A F1 A2 BA
(V) 14 B5 28 D5  59 26 EC 8A  E7 82 3A 02  41 FE 0E B1
(V) EF B9 2B 6F  95 99 56 BE  FC E8 27 74  7F 32 A5 34
(V) 56 63 32 8B  24 4D BD B1  64 B0 F1 F7  2A 98 52 16
(V) DC 7E DA AF  2B C3 CD FE  F6 C3 95 F7  13 79 69 2E
(V) 09 AB 4F AE  10 4A 37 07  45 0A BF 1C  A6 A6 A8 7E
(V) 05 E9 03 2F  AE 70 63 C4  93 06 BF 70  32 83 A3 90
(V) F1 79 D2 96  87 F9 67 93  61 25 68 8D  F8 BE E8 88
(V) 7B 86 49 06  3A 69 6F 71  AA 42 87 F1  43 2D C6 A0
(V) 18 30 6D 97  A4 63 6A 14  99 5C 87 A8  2A EF EE 0F
(V) 90 7E
(V) LLC frame:
(V) E6 E7 00 DB  08 4B 41 4D  45 01 AB F4  3F 82 00 E7
(V) 30 00 78 4A  67 B4 04 4A  0E 51 3B 6A  2E C2 27 66
(V) 64 E8 D4 32  6C 17 98 2D  15 C6 A1 7F  BD 62 51 B5
(V) 2C B7 F4 12  D3 A7 2B 80  AA 1C C0 FD  32 B8 F0 A4
(V) CF E9 56 E2  08 3F DB AF  66 B7 B0 D7  B2 31 AE 8D
(V) AD B2 08 14  63 29 FA 55  45 D7 3C 09  AF 67 D8 11
(V) 47 53 1E AD  9A F1 A2 BA  14 B5 28 D5  59 26 EC 8A
(V) E7 82 3A 02  41 FE 0E B1  EF B9 2B 6F  95 99 56 BE
(V) FC E8 27 74  7F 32 A5 34  56 63 32 8B  24 4D BD B1
(V) 64 B0 F1 F7  2A 98 52 16  DC 7E DA AF  2B C3 CD FE
(V) F6 C3 95 F7  13 79 69 2E  09 AB 4F AE  10 4A 37 07
(V) 45 0A BF 1C  A6 A6 A8 7E  05 E9 03 2F  AE 70 63 C4
(V) 93 06 BF 70  32 83 A3 90  F1 79 D2 96  87 F9 67 93
(V) 61 25 68 8D  F8 BE E8 88  7B 86 49 06  3A 69 6F 71
(V) AA 42 87 F1  43 2D C6 A0  18 30 6D 97  A4 63 6A 14
(V) 99 5C 87 A8  2A EF EE
(V) GCM frame:
(V) DB 08 4B 41  4D 45 01 AB  F4 3F 82 00  E7 30 00 78
(V) 4A 67 0F 00  00 00 00 0C  07 E9 09 09  02 0E 0B 0A
(V) FF 80 00 00  02 19 0A 0E  4B 61 6D 73  74 72 75 70
(V) 5F 56 30 30  30 31 09 06  01 01 00 00  05 FF 0A 10
(V) 35 37 30 36  35 36 37 32  38 30 34 36  33 39 39 31
(V) 09 06 01 01  60 01 01 FF  0A 12 36 38  34 31 31 33
(V) 38 42 4E 32  34 33 31 30  31 30 31 30  09 06 01 01
(V) 01 07 00 FF  06 00 00 02  5D 09 06 01  01 02 07 00
(V) FF 06 00 00  00 00 09 06  01 01 03 07  00 FF 06 00
(V) 00 00 1B 09  06 01 01 04  07 00 FF 06  00 00 00 AF
(V) 09 06 01 01  1F 07 00 FF  06 00 00 01  01 09 06 01
(V) 01 33 07 00  FF 06 00 00  00 14 09 06  01 01 47 07
(V) 00 FF 06 00  00 00 24 09  06 01 01 20  07 00 FF 12
(V) 56 B6 09 06  01 01 34 07  00 FF 12 57  44 09 06 01
(V) 01 48 07 00  FF 12 56 D4  97 A4 63 6A  14 99 5C 87
(V) A8 2A EF EE
(V) DLMS frame:
(V) 0F 00 00 00  00 0C 07 E9  09 09 02 0E  0B 0A FF 80
(V) 00 00 02 19  0A 0E 4B 61  6D 73 74 72  75 70 5F 56
(V) 30 30 30 31  09 06 01 01  00 00 05 FF  0A 10 35 37
(V) 30 36 35 36  37 32 38 30  34 36 33 39  39 31 09 06
(V) 01 01 60 01  01 FF 0A 12  36 38 34 31  31 33 38 42
(V) 4E 32 34 33  31 30 31 30  31 30 09 06  01 01 01 07
(V) 00 FF 06 00  00 02 5D 09  06 01 01 02  07 00 FF 06
(V) 00 00 00 00  09 06 01 01  03 07 00 FF  06 00 00 00
(V) 1B 09 06 01  01 04 07 00  FF 06 00 00  00 AF 09 06
(V) 01 01 1F 07  00 FF 06 00  00 01 01 09  06 01 01 33
(V) 07 00 FF 06  00 00 00 14  09 06 01 01  47 07 00 FF
(V) 06 00 00 00  24 09 06 01  01 20 07 00  FF 12 56 B6
(V) 09 06 01 01  34 07 00 FF  12 57 44 09  06 01 01 48
(V) 07 00 FF 12  56 D4
(D) Received valid DLMS at 47 +196
(V) Using application data:
(V) 02 19 0A 0E  4B 61 6D 73  74 72 75 70  5F 56 30 30
(V) 30 31 09 06  01 01 00 00  05 FF 0A 10  35 37 30 36
(V) 35 36 37 32  38 30 34 36  33 39 39 31  09 06 01 01
(V) 60 01 01 FF  0A 12 36 38  34 31 31 33  38 42 4E 32
(V) 34 33 31 30  31 30 31 30  09 06 01 01  01 07 00 FF
(V) 06 00 00 02  5D 09 06 01  01 02 07 00  FF 06 00 00
(V) 00 00 09 06  01 01 03 07  00 FF 06 00  00 00 1B 09
(V) 06 01 01 04  07 00 FF 06  00 00 00 AF  09 06 01 01
(V) 1F 07 00 FF  06 00 00 01  01 09 06 01  01 33 07 00
(V) FF 06 00 00  00 14 09 06  01 01 47 07  00 FF 06 00
(V) 00 00 24 09  06 01 01 20  07 00 FF 12  56 B6 09 06
(V) 01 01 34 07  00 FF 12 57  44 09 06 01  01 48 07 00
(V) FF 12 56 D4
(V) DLMS
(D) NOT Ready to update (internal clock 13:11:12 UTC, meter clock: 00:00:00, list type 2, est: 1)
(V) HDLC frame:
(V) 7E A1 00 41  03 13 2F 7A  E6 E7 00 DB  08 4B 41 4D
(V) 45 01 AB F4  3F 82 00 E7  30 00 78 4A  68 54 51 2D
(V) D8 F3 6D 53  A4 7A 3F 96  F3 07 16 FF  B9 FF C4 49
(V) 71 39 27 B9  04 7D DC 05  03 08 71 CA  84 1A 23 1B
(V) B8 79 09 1F  1E D5 FF EF  27 93 34 B0  6C 7F A9 40
(V) B8 4A FF 6A  D7 43 B0 84  38 A4 3C 87  6B D6 7C 38
(V) 34 6C 21 FA  E5 3F A6 BC  69 D1 F7 93  8A 76 3B 1B
(V) A2 86 40 CF  3B 71 3B BA  89 D4 44 F8  DD C3 0E ED
(V) 24 97 90 66  32 B6 E4 9E  64 F2 60 F8  64 C4 3E C4
(V) 21 D1 23 7D  9C A3 C2 54  EE AB A3 09  85 1F D6 C8
(V) 9C D5 D2 CB  96 FB E6 19  5B 12 ED CE  07 CC 17 C6
(V) B9 FE 08 16  EF E5 8F 6E  99 BB 3E 5B  8D 9B FC 30
(V) 17 B0 56 D2  4C 02 D6 10  27 80 85 8A  2C 9C AA BF
(V) 99 D5 57 AB  77 CB 67 0B  D6 29 47 92  C4 0D 99 06
(V) E0 FA A1 32  7B 85 0B 20  AA 44 4F 8A  A7 72 A9 10
(V) 8E BA E4 8C  08 58 9C C6  E2 3B 8F 15  91 88 8F 68
(V) 69 7E
(V) LLC frame:
(V) E6 E7 00 DB  08 4B 41 4D  45 01 AB F4  3F 82 00 E7
(V) 30 00 78 4A  68 54 51 2D  D8 F3 6D 53  A4 7A 3F 96
(V) F3 07 16 FF  B9 FF C4 49  71 39 27 B9  04 7D DC 05
(V) 03 08 71 CA  84 1A 23 1B  B8 79 09 1F  1E D5 FF EF
(V) 27 93 34 B0  6C 7F A9 40  B8 4A FF 6A  D7 43 B0 84
(V) 38 A4 3C 87  6B D6 7C 38  34 6C 21 FA  E5 3F A6 BC
(V) 69 D1 F7 93  8A 76 3B 1B  A2 86 40 CF  3B 71 3B BA
(V) 89 D4 44 F8  DD C3 0E ED  24 97 90 66  32 B6 E4 9E
(V) 64 F2 60 F8  64 C4 3E C4  21 D1 23 7D  9C A3 C2 54
(V) EE AB A3 09  85 1F D6 C8  9C D5 D2 CB  96 FB E6 19
(V) 5B 12 ED CE  07 CC 17 C6  B9 FE 08 16  EF E5 8F 6E
(V) 99 BB 3E 5B  8D 9B FC 30  17 B0 56 D2  4C 02 D6 10
(V) 27 80 85 8A  2C 9C AA BF  99 D5 57 AB  77 CB 67 0B
(V) D6 29 47 92  C4 0D 99 06  E0 FA A1 32  7B 85 0B 20
(V) AA 44 4F 8A  A7 72 A9 10  8E BA E4 8C  08 58 9C C6
(V) E2 3B 8F 15  91 88 8F
(V) GCM frame:
(V) DB 08 4B 41  4D 45 01 AB  F4 3F 82 00  E7 30 00 78
(V) 4A 68 0F 00  00 00 00 0C  07 E9 09 09  02 0E 0B 14
(V) FF 80 00 00  02 19 0A 0E  4B 61 6D 73  74 72 75 70
(V) 5F 56 30 30  30 31 09 06  01 01 00 00  05 FF 0A 10
(V) 35 37 30 36  35 36 37 32  38 30 34 36  33 39 39 31
(V) 09 06 01 01  60 01 01 FF  0A 12 36 38  34 31 31 33
(V) 38 42 4E 32  34 33 31 30  31 30 31 30  09 06 01 01
(V) 01 07 00 FF  06 00 00 02  33 09 06 01  01 02 07 00
(V) FF 06 00 00  00 00 09 06  01 01 03 07  00 FF 06 00
(V) 00 00 1B 09  06 01 01 04  07 00 FF 06  00 00 00 9F
(V) 09 06 01 01  1F 07 00 FF  06 00 00 00  F0 09 06 01
(V) 01 33 07 00  FF 06 00 00  00 13 09 06  01 01 47 07
(V) 00 FF 06 00  00 00 24 09  06 01 01 20  07 00 FF 12
(V) 56 D1 09 06  01 01 34 07  00 FF 12 57  3B 09 06 01
(V) 01 48 07 00  FF 12 56 D0  8C 08 58 9C  C6 E2 3B 8F
(V) 15 91 88 8F
(V) DLMS frame:
(V) 0F 00 00 00  00 0C 07 E9  09 09 02 0E  0B 14 FF 80
(V) 00 00 02 19  0A 0E 4B 61  6D 73 74 72  75 70 5F 56
(V) 30 30 30 31  09 06 01 01  00 00 05 FF  0A 10 35 37
(V) 30 36 35 36  37 32 38 30  34 36 33 39  39 31 09 06
(V) 01 01 60 01  01 FF 0A 12  36 38 34 31  31 33 38 42
(V) 4E 32 34 33  31 30 31 30  31 30 09 06  01 01 01 07
(V) 00 FF 06 00  00 02 33 09  06 01 01 02  07 00 FF 06
(V) 00 00 00 00  09 06 01 01  03 07 00 FF  06 00 00 00
(V) 1B 09 06 01  01 04 07 00  FF 06 00 00  00 9F 09 06
(V) 01 01 1F 07  00 FF 06 00  00 00 F0 09  06 01 01 33
(V) 07 00 FF 06  00 00 00 13  09 06 01 01  47 07 00 FF
(V) 06 00 00 00  24 09 06 01  01 20 07 00  FF 12 56 D1
(V) 09 06 01 01  34 07 00 FF  12 57 3B 09  06 01 01 48
(V) 07 00 FF 12  56 D0
(D) Received valid DLMS at 47 +196
(V) Using application data:
(V) 02 19 0A 0E  4B 61 6D 73  74 72 75 70  5F 56 30 30
(V) 30 31 09 06  01 01 00 00  05 FF 0A 10  35 37 30 36
(V) 35 36 37 32  38 30 34 36  33 39 39 31  09 06 01 01
(V) 60 01 01 FF  0A 12 36 38  34 31 31 33  38 42 4E 32
(V) 34 33 31 30  31 30 31 30  09 06 01 01  01 07 00 FF
(V) 06 00 00 02  33 09 06 01  01 02 07 00  FF 06 00 00
(V) 00 00 09 06  01 01 03 07  00 FF 06 00  00 00 1B 09
(V) 06 01 01 04  07 00 FF 06  00 00 00 9F  09 06 01 01
(V) 1F 07 00 FF  06 00 00 00  F0 09 06 01  01 33 07 00
(V) FF 06 00 00  00 13 09 06  01 01 47 07  00 FF 06 00
(V) 00 00 24 09  06 01 01 20  07 00 FF 12  56 D1 09 06
(V) 01 01 34 07  00 FF 12 57  3B 09 06 01  01 48 07 00
(V) FF 12 56 D0
(V) DLMS
(D) NOT Ready to update (internal clock 13:11:22 UTC, meter clock: 00:00:00, list type 2, est: 1)
(V) HDLC frame:
(V) 7E A1 00 41  03 13 2F 7A  E6 E7 00 DB  08 4B 41 4D
(V) 45 01 AB F4  3F 82 00 E7  30 00 78 4A  69 2C 36 97
(V) 97 11 89 84  2C AB B7 DB  1F 2A EE 2B  73 34 CC B6
(V) E7 85 B3 1B  AF 1C EF 5F  41 44 34 04  4B 66 75 49
(V) DC 4D 14 BF  8C 4A 91 9E  4E 66 0F 98  08 5F 4F B8
(V) 2F 06 15 D9  D2 79 0A DA  F9 8F 35 9F  B2 9B 85 B2
(V) 75 79 5B 50  FE CA B6 F1  83 99 99 D3  C2 B9 71 B1
(V) 9A FF AF 09  36 9E B8 34  53 6B 1E 8C  2D 07 A0 94
(V) 8F D4 79 0D  91 15 D6 9E  26 E3 E0 6B  A1 63 B4 98
(V) 22 A3 E4 1E  C3 AE 4C 68  EF 08 C0 2E  DE 6C 87 9C
(V) AE 67 A2 E3  E4 86 EB 12  61 40 54 18  DF 55 AA 8D
(V) 05 AC 72 FB  89 FB CC 75  76 96 AB AB  8E 22 18 BA
(V) 79 44 FD 2A  D2 60 D8 4E  CD BE C5 86  F3 78 E6 44
(V) 4E 58 3C C2  B3 46 94 DB  C4 8A ED D6  EA D5 48 87
(V) DE 25 0A 00  D7 19 32 AA  40 A7 EE 04  BF 15 AF F0
(V) E3 6E 66 9A  CF 44 68 3E  E8 1B 99 97  D9 8A 37 0C
(V) 1E 7E
(V) LLC frame:
(V) E6 E7 00 DB  08 4B 41 4D  45 01 AB F4  3F 82 00 E7
(V) 30 00 78 4A  69 2C 36 97  97 11 89 84  2C AB B7 DB
(V) 1F 2A EE 2B  73 34 CC B6  E7 85 B3 1B  AF 1C EF 5F
(V) 41 44 34 04  4B 66 75 49  DC 4D 14 BF  8C 4A 91 9E
(V) 4E 66 0F 98  08 5F 4F B8  2F 06 15 D9  D2 79 0A DA
(V) F9 8F 35 9F  B2 9B 85 B2  75 79 5B 50  FE CA B6 F1
(V) 83 99 99 D3  C2 B9 71 B1  9A FF AF 09  36 9E B8 34
(V) 53 6B 1E 8C  2D 07 A0 94  8F D4 79 0D  91 15 D6 9E
(V) 26 E3 E0 6B  A1 63 B4 98  22 A3 E4 1E  C3 AE 4C 68
(V) EF 08 C0 2E  DE 6C 87 9C  AE 67 A2 E3  E4 86 EB 12
(V) 61 40 54 18  DF 55 AA 8D  05 AC 72 FB  89 FB CC 75
(V) 76 96 AB AB  8E 22 18 BA  79 44 FD 2A  D2 60 D8 4E
(V) CD BE C5 86  F3 78 E6 44  4E 58 3C C2  B3 46 94 DB
(V) C4 8A ED D6  EA D5 48 87  DE 25 0A 00  D7 19 32 AA
(V) 40 A7 EE 04  BF 15 AF F0  E3 6E 66 9A  CF 44 68 3E
(V) E8 1B 99 97  D9 8A 37
(V) GCM frame:
(V) DB 08 4B 41  4D 45 01 AB  F4 3F 82 00  E7 30 00 78
(V) 4A 69 0F 00  00 00 00 0C  07 E9 09 09  02 0E 0B 1E
(V) FF 80 00 00  02 19 0A 0E  4B 61 6D 73  74 72 75 70
(V) 5F 56 30 30  30 31 09 06  01 01 00 00  05 FF 0A 10
(V) 35 37 30 36  35 36 37 32  38 30 34 36  33 39 39 31
(V) 09 06 01 01  60 01 01 FF  0A 12 36 38  34 31 31 33
(V) 38 42 4E 32  34 33 31 30  31 30 31 30  09 06 01 01
(V) 01 07 00 FF  06 00 00 02  30 09 06 01  01 02 07 00
(V) FF 06 00 00  00 00 09 06  01 01 03 07  00 FF 06 00
(V) 00 00 1B 09  06 01 01 04  07 00 FF 06  00 00 00 9F
(V) 09 06 01 01  1F 07 00 FF  06 00 00 00  F0 09 06 01
(V) 01 33 07 00  FF 06 00 00  00 13 09 06  01 01 47 07
(V) 00 FF 06 00  00 00 24 09  06 01 01 20  07 00 FF 12
(V) 56 AF 09 06  01 01 34 07  00 FF 12 57  36 09 06 01
(V) 01 48 07 00  FF 12 56 C3  9A CF 44 68  3E E8 1B 99
(V) 97 D9 8A 37
(V) DLMS frame:
(V) 0F 00 00 00  00 0C 07 E9  09 09 02 0E  0B 1E FF 80
(V) 00 00 02 19  0A 0E 4B 61  6D 73 74 72  75 70 5F 56
(V) 30 30 30 31  09 06 01 01  00 00 05 FF  0A 10 35 37
(V) 30 36 35 36  37 32 38 30  34 36 33 39  39 31 09 06
(V) 01 01 60 01  01 FF 0A 12  36 38 34 31  31 33 38 42
(V) 4E 32 34 33  31 30 31 30  31 30 09 06  01 01 01 07
(V) 00 FF 06 00  00 02 30 09  06 01 01 02  07 00 FF 06
(V) 00 00 00 00  09 06 01 01  03 07 00 FF  06 00 00 00
(V) 1B 09 06 01  01 04 07 00  FF 06 00 00  00 9F 09 06
(V) 01 01 1F 07  00 FF 06 00  00 00 F0 09  06 01 01 33
(V) 07 00 FF 06  00 00 00 13  09 06 01 01  47 07 00 FF
(V) 06 00 00 00  24 09 06 01  01 20 07 00  FF 12 56 AF
(V) 09 06 01 01  34 07 00 FF  12 57 36 09  06 01 01 48
(V) 07 00 FF 12  56 C3
(D) Received valid DLMS at 47 +196
(V) Using application data:
(V) 02 19 0A 0E  4B 61 6D 73  74 72 75 70  5F 56 30 30
(V) 30 31 09 06  01 01 00 00  05 FF 0A 10  35 37 30 36
(V) 35 36 37 32  38 30 34 36  33 39 39 31  09 06 01 01
(V) 60 01 01 FF  0A 12 36 38  34 31 31 33  38 42 4E 32
(V) 34 33 31 30  31 30 31 30  09 06 01 01  01 07 00 FF
(V) 06 00 00 02  30 09 06 01  01 02 07 00  FF 06 00 00
(V) 00 00 09 06  01 01 03 07  00 FF 06 00  00 00 1B 09
(V) 06 01 01 04  07 00 FF 06  00 00 00 9F  09 06 01 01
(V) 1F 07 00 FF  06 00 00 00  F0 09 06 01  01 33 07 00
(V) FF 06 00 00  00 13 09 06  01 01 47 07  00 FF 06 00
(V) 00 00 24 09  06 01 01 20  07 00 FF 12  56 AF 09 06
(V) 01 01 34 07  00 FF 12 57  36 09 06 01  01 48 07 00
(V) FF 12 56 C3
(V) DLMS
(D) NOT Ready to update (internal clock 13:11:32 UTC, meter clock: 00:00:00, list type 2, est: 1)
(V) HDLC frame:
(V) 7E A1 00 41  03 13 2F 7A  E6 E7 00 DB  08 4B 41 4D
(V) 45 01 AB F4  3F 82 00 E7  30 00 78 4A  6A 70 A1 54
(V) 4B D4 4F 58  3C D3 C2 99  44 61 B2 F4  B9 A9 FB 94
(V) 27 4C D8 9F  EA 52 5C FE  23 89 9C 97  FF C1 18 1D
(V) 20 79 B7 E6  8D 22 94 9D  05 4A BA 84  7E A9 11 B6
(V) 49 5C D2 D8  46 1A 04 2E  68 FD 83 B3  C5 DC 46 D7
(V) A6 BD F8 7D  4D 71 03 7D  42 4F BF 12  C4 80 C2 91
(V) 00 59 8C EC  71 EA DB 59  A9 91 4B E7  06 7A DF DA
(V) 4D 6D 7C 6B  3F ED B9 EE  9E 72 DD 48  34 23 52 52
(V) 15 DA 3F A9  46 9A 9C 14  A0 FB AB B8  AF EB 9D FB
(V) A1 71 85 22  D9 A8 85 C7  19 2F 4A 90  11 A5 2B 44
(V) 20 DF 36 13  09 F7 65 71  1B FF 55 85  2C E9 21 F4
(V) 88 7C FD 3E  0A 32 B6 F1  B7 CD 8D 35  13 91 ED 86
(V) 83 7A 18 9A  ED F9 6D 2A  90 C4 85 C5  B5 B7 19 D2
(V) 07 7E 59 A0  BB EC 1C 10  A5 3E D4 BA  E3 C9 23 93
(V) B4 DD 25 4A  48 E3 F2 12  5C 31 20 70  A6 B1 17 76
(V) 96 7E
(V) LLC frame:
(V) E6 E7 00 DB  08 4B 41 4D  45 01 AB F4  3F 82 00 E7
(V) 30 00 78 4A  6A 70 A1 54  4B D4 4F 58  3C D3 C2 99
(V) 44 61 B2 F4  B9 A9 FB 94  27 4C D8 9F  EA 52 5C FE
(V) 23 89 9C 97  FF C1 18 1D  20 79 B7 E6  8D 22 94 9D
(V) 05 4A BA 84  7E A9 11 B6  49 5C D2 D8  46 1A 04 2E
(V) 68 FD 83 B3  C5 DC 46 D7  A6 BD F8 7D  4D 71 03 7D
(V) 42 4F BF 12  C4 80 C2 91  00 59 8C EC  71 EA DB 59
(V) A9 91 4B E7  06 7A DF DA  4D 6D 7C 6B  3F ED B9 EE
(V) 9E 72 DD 48  34 23 52 52  15 DA 3F A9  46 9A 9C 14
(V) A0 FB AB B8  AF EB 9D FB  A1 71 85 22  D9 A8 85 C7
(V) 19 2F 4A 90  11 A5 2B 44  20 DF 36 13  09 F7 65 71
(V) 1B FF 55 85  2C E9 21 F4  88 7C FD 3E  0A 32 B6 F1
(V) B7 CD 8D 35  13 91 ED 86  83 7A 18 9A  ED F9 6D 2A
(V) 90 C4 85 C5  B5 B7 19 D2  07 7E 59 A0  BB EC 1C 10
(V) A5 3E D4 BA  E3 C9 23 93  B4 DD 25 4A  48 E3 F2 12
(V) 5C 31 20 70  A6 B1 17
(V) GCM frame:
(V) DB 08 4B 41  4D 45 01 AB  F4 3F 82 00  E7 30 00 78
(V) 4A 6A 0F 00  00 00 00 0C  07 E9 09 09  02 0E 0B 28
(V) FF 80 00 00  02 19 0A 0E  4B 61 6D 73  74 72 75 70
(V) 5F 56 30 30  30 31 09 06  01 01 00 00  05 FF 0A 10
(V) 35 37 30 36  35 36 37 32  38 30 34 36  33 39 39 31
(V) 09 06 01 01  60 01 01 FF  0A 12 36 38  34 31 31 33
(V) 38 42 4E 32  34 33 31 30  31 30 31 30  09 06 01 01
(V) 01 07 00 FF  06 00 00 02  29 09 06 01  01 02 07 00
(V) FF 06 00 00  00 00 09 06  01 01 03 07  00 FF 06 00
(V) 00 00 1B 09  06 01 01 04  07 00 FF 06  00 00 00 9D
(V) 09 06 01 01  1F 07 00 FF  06 00 00 00  EC 09 06 01
(V) 01 33 07 00  FF 06 00 00  00 13 09 06  01 01 47 07
(V) 00 FF 06 00  00 00 24 09  06 01 01 20  07 00 FF 12
(V) 56 8C 09 06  01 01 34 07  00 FF 12 56  C8 09 06 01
(V) 01 48 07 00  FF 12 57 06  4A 48 E3 F2  12 5C 31 20
(V) 70 A6 B1 17
(V) DLMS frame:
(V) 0F 00 00 00  00 0C 07 E9  09 09 02 0E  0B 28 FF 80
(V) 00 00 02 19  0A 0E 4B 61  6D 73 74 72  75 70 5F 56
(V) 30 30 30 31  09 06 01 01  00 00 05 FF  0A 10 35 37
(V) 30 36 35 36  37 32 38 30  34 36 33 39  39 31 09 06
(V) 01 01 60 01  01 FF 0A 12  36 38 34 31  31 33 38 42
(V) 4E 32 34 33  31 30 31 30  31 30 09 06  01 01 01 07
(V) 00 FF 06 00  00 02 29 09  06 01 01 02  07 00 FF 06
(V) 00 00 00 00  09 06 01 01  03 07 00 FF  06 00 00 00
(V) 1B 09 06 01  01 04 07 00  FF 06 00 00  00 9D 09 06
(V) 01 01 1F 07  00 FF 06 00  00 00 EC 09  06 01 01 33
(V) 07 00 FF 06  00 00 00 13  09 06 01 01  47 07 00 FF
(V) 06 00 00 00  24 09 06 01  01 20 07 00  FF 12 56 8C
(V) 09 06 01 01  34 07 00 FF  12 56 C8 09  06 01 01 48
(V) 07 00 FF 12  57 06
(D) Received valid DLMS at 47 +196
(V) Using application data:
(V) 02 19 0A 0E  4B 61 6D 73  74 72 75 70  5F 56 30 30
(V) 30 31 09 06  01 01 00 00  05 FF 0A 10  35 37 30 36
(V) 35 36 37 32  38 30 34 36  33 39 39 31  09 06 01 01
(V) 60 01 01 FF  0A 12 36 38  34 31 31 33  38 42 4E 32
(V) 34 33 31 30  31 30 31 30  09 06 01 01  01 07 00 FF
(V) 06 00 00 02  29 09 06 01  01 02 07 00  FF 06 00 00
(V) 00 00 09 06  01 01 03 07  00 FF 06 00  00 00 1B 09
(V) 06 01 01 04  07 00 FF 06  00 00 00 9D  09 06 01 01
(V) 1F 07 00 FF  06 00 00 00  EC 09 06 01  01 33 07 00
(V) FF 06 00 00  00 13 09 06  01 01 47 07  00 FF 06 00
(V) 00 00 24 09  06 01 01 20  07 00 FF 12  56 8C 09 06
(V) 01 01 34 07  00 FF 12 56  C8 09 06 01  01 48 07 00
(V) FF 12 57 06
(V) DLMS
(D) NOT Ready to update (internal clock 13:11:42 UTC, meter clock: 00:00:00, list type 2, est: 1)
(I) Had to reset DNS server
(V) HDLC frame:
(V) 7E A1 00 41  03 13 2F 7A  E6 E7 00 DB  08 4B 41 4D
(V) 45 01 AB F4  3F 82 00 E7  30 00 78 4A  6B A5 53 BE
(V) 0E 46 92 7C  12 14 CC FB  06 29 6B 0F  EE F1 43 60
(V) 48 35 05 7A  48 77 DE 60  2A 99 5D F8  37 AC 5F 72
(V) D3 5A 5F 69  F1 9A 6A 3D  80 6C 7F 11  52 31 7E 4F
(V) 9F BE B6 8B  D0 6D 35 1C  B1 1D 64 82  DB BE B6 93
(V) 3A A8 61 E1  8A FC 84 D5  C1 A0 9F 3D  D0 CC 2B EB
(V) 55 AF DD 32  CC 38 78 39  BF 45 3D C3  68 23 5A 6F
(V) 6D CE B7 7F  FC 8B D8 C3  62 9D D1 52  FB D1 12 C1
(V) 07 8C C5 32  6C A7 5D B6  76 BA 73 0B  0B 8B 82 96
(V) 6E E9 FB 8A  AC 53 CD 4F  46 CF BE F5  89 E6 8F 22
(V) E9 9C CA 0A  A0 FB EF 84  9B 59 C2 B4  6D 97 2A F5
(V) 73 2D 00 98  8B CB 55 2F  8E FA AD 84  85 D1 B2 D5
(V) 7E 4B 3B 98  B4 F0 DA 6A  ED 51 6C B6  71 ED 5C 1E
(V) 3D 35 15 12  30 90 69 21  D1 F8 FE 28  49 AF 9B 18
(V) EB 73 C8 DD  2B FD CF 06  A2 A1 38 9A  1A 38 F7 8D
(V) BB 7E
(V) LLC frame:
(V) E6 E7 00 DB  08 4B 41 4D  45 01 AB F4  3F 82 00 E7
(V) 30 00 78 4A  6B A5 53 BE  0E 46 92 7C  12 14 CC FB
(V) 06 29 6B 0F  EE F1 43 60  48 35 05 7A  48 77 DE 60
(V) 2A 99 5D F8  37 AC 5F 72  D3 5A 5F 69  F1 9A 6A 3D
(V) 80 6C 7F 11  52 31 7E 4F  9F BE B6 8B  D0 6D 35 1C
(V) B1 1D 64 82  DB BE B6 93  3A A8 61 E1  8A FC 84 D5
(V) C1 A0 9F 3D  D0 CC 2B EB  55 AF DD 32  CC 38 78 39
(V) BF 45 3D C3  68 23 5A 6F  6D CE B7 7F  FC 8B D8 C3
(V) 62 9D D1 52  FB D1 12 C1  07 8C C5 32  6C A7 5D B6
(V) 76 BA 73 0B  0B 8B 82 96  6E E9 FB 8A  AC 53 CD 4F
(V) 46 CF BE F5  89 E6 8F 22  E9 9C CA 0A  A0 FB EF 84
(V) 9B 59 C2 B4  6D 97 2A F5  73 2D 00 98  8B CB 55 2F
(V) 8E FA AD 84  85 D1 B2 D5  7E 4B 3B 98  B4 F0 DA 6A
(V) ED 51 6C B6  71 ED 5C 1E  3D 35 15 12  30 90 69 21
(V) D1 F8 FE 28  49 AF 9B 18  EB 73 C8 DD  2B FD CF 06
(V) A2 A1 38 9A  1A 38 F7
(V) GCM frame:
(V) DB 08 4B 41  4D 45 01 AB  F4 3F 82 00  E7 30 00 78
(V) 4A 6B 0F 00  00 00 00 0C  07 E9 09 09  02 0E 0B 32
(V) FF 80 00 00  02 19 0A 0E  4B 61 6D 73  74 72 75 70
(V) 5F 56 30 30  30 31 09 06  01 01 00 00  05 FF 0A 10
(V) 35 37 30 36  35 36 37 32  38 30 34 36  33 39 39 31
(V) 09 06 01 01  60 01 01 FF  0A 12 36 38  34 31 31 33
(V) 38 42 4E 32  34 33 31 30  31 30 31 30  09 06 01 01
(V) 01 07 00 FF  06 00 00 02  31 09 06 01  01 02 07 00
(V) FF 06 00 00  00 00 09 06  01 01 03 07  00 FF 06 00
(V) 00 00 1B 09  06 01 01 04  07 00 FF 06  00 00 00 9D
(V) 09 06 01 01  1F 07 00 FF  06 00 00 00  F1 09 06 01
(V) 01 33 07 00  FF 06 00 00  00 13 09 06  01 01 47 07
(V) 00 FF 06 00  00 00 24 09  06 01 01 20  07 00 FF 12
(V) 56 6B 09 06  01 01 34 07  00 FF 12 56  B2 09 06 01
(V) 01 48 07 00  FF 12 57 0D  DD 2B FD CF  06 A2 A1 38
(V) 9A 1A 38 F7
(V) DLMS frame:
(V) 0F 00 00 00  00 0C 07 E9  09 09 02 0E  0B 32 FF 80
(V) 00 00 02 19  0A 0E 4B 61  6D 73 74 72  75 70 5F 56
(V) 30 30 30 31  09 06 01 01  00 00 05 FF  0A 10 35 37
(V) 30 36 35 36  37 32 38 30  34 36 33 39  39 31 09 06
(V) 01 01 60 01  01 FF 0A 12  36 38 34 31  31 33 38 42
(V) 4E 32 34 33  31 30 31 30  31 30 09 06  01 01 01 07
(V) 00 FF 06 00  00 02 31 09  06 01 01 02  07 00 FF 06
(V) 00 00 00 00  09 06 01 01  03 07 00 FF  06 00 00 00
(V) 1B 09 06 01  01 04 07 00  FF 06 00 00  00 9D 09 06
(V) 01 01 1F 07  00 FF 06 00  00 00 F1 09  06 01 01 33
(V) 07 00 FF 06  00 00 00 13  09 06 01 01  47 07 00 FF
(V) 06 00 00 00  24 09 06 01  01 20 07 00  FF 12 56 6B
(V) 09 06 01 01  34 07 00 FF  12 56 B2 09  06 01 01 48
(V) 07 00 FF 12  57 0D
(D) Received valid DLMS at 47 +196
(V) Using application data:
(V) 02 19 0A 0E  4B 61 6D 73  74 72 75 70  5F 56 30 30
(V) 30 31 09 06  01 01 00 00  05 FF 0A 10  35 37 30 36
(V) 35 36 37 32  38 30 34 36  33 39 39 31  09 06 01 01
(V) 60 01 01 FF  0A 12 36 38  34 31 31 33  38 42 4E 32
(V) 34 33 31 30  31 30 31 30  09 06 01 01  01 07 00 FF
(V) 06 00 00 02  31 09 06 01  01 02 07 00  FF 06 00 00
(V) 00 00 09 06  01 01 03 07  00 FF 06 00  00 00 1B 09
(V) 06 01 01 04  07 00 FF 06  00 00 00 9D  09 06 01 01
(V) 1F 07 00 FF  06 00 00 00  F1 09 06 01  01 33 07 00
(V) FF 06 00 00  00 13 09 06  01 01 47 07  00 FF 06 00
(V) 00 00 24 09  06 01 01 20  07 00 FF 12  56 6B 09 06
(V) 01 01 34 07  00 FF 12 56  B2 09 06 01  01 48 07 00
(V) FF 12 57 0D
(V) DLMS
(D) NOT Ready to update (internal clock 13:11:52 UTC, meter clock: 00:00:00, list type 2, est: 1)
(V) HDLC frame:
(V) 7E A1 00 41  03 13 2F 7A  E6 E7 00 DB  08 4B 41 4D
(V) 45 01 AB F4  3F 82 00 E7  30 00 78 4A  6C F9 6A 4C
(V) C3 08 A6 23  99 49 36 B7  75 93 B8 87  13 F1 B7 5B
(V) 14 98 9F DE  42 41 2F 54  0F 8B 25 F6  6B FE 0D DE
(V) 0F 03 60 D7  2B C3 5F 39  64 C0 86 2E  94 0A 1D 67
(V) F7 A2 DC 8E  87 76 75 D7  4A 6B E8 AB  6A EA 2C D2
(V) F5 2A BE 24  7D 02 48 93  FA C9 DB FD  84 C0 12 0D
(V) 6E EB 89 D5  B5 D9 50 15  50 93 38 20  DE 5F B2 A1
(V) BE D5 28 B3  32 F6 7D 38  56 19 52 D6  EA 74 E6 90
(V) F2 0E 2E 21  09 3C 81 71  8F 9E C2 86  FA 53 4C 98
(V) 8F 57 71 E7  F7 91 5E 28  58 AB C1 B2  47 3A EA 72
(V) EA 91 49 A8  20 20 C7 E3  7A 50 FF E2  8D 6F 1A F0
(V) 3B 4F 25 30  0B 5E B4 40  EA 66 0E 5E  59 2C 78 3F
(V) DB CF 4B 45  B8 3D 2F B7  46 4D D6 0B  CD 40 04 DE
(V) 8B 37 25 BE  4B A5 36 DF  84 09 7E 0B  2B A3 A8 5C
(V) 2C 12 F9 96  C4 A6 FA C6  84 EA EE 8F  19 31 FB 74
(V) FF 7E
(V) LLC frame:
(V) E6 E7 00 DB  08 4B 41 4D  45 01 AB F4  3F 82 00 E7
(V) 30 00 78 4A  6C F9 6A 4C  C3 08 A6 23  99 49 36 B7
(V) 75 93 B8 87  13 F1 B7 5B  14 98 9F DE  42 41 2F 54
(V) 0F 8B 25 F6  6B FE 0D DE  0F 03 60 D7  2B C3 5F 39
(V) 64 C0 86 2E  94 0A 1D 67  F7 A2 DC 8E  87 76 75 D7
(V) 4A 6B E8 AB  6A EA 2C D2  F5 2A BE 24  7D 02 48 93
(V) FA C9 DB FD  84 C0 12 0D  6E EB 89 D5  B5 D9 50 15
(V) 50 93 38 20  DE 5F B2 A1  BE D5 28 B3  32 F6 7D 38
(V) 56 19 52 D6  EA 74 E6 90  F2 0E 2E 21  09 3C 81 71
(V) 8F 9E C2 86  FA 53 4C 98  8F 57 71 E7  F7 91 5E 28
(V) 58 AB C1 B2  47 3A EA 72  EA 91 49 A8  20 20 C7 E3
(V) 7A 50 FF E2  8D 6F 1A F0  3B 4F 25 30  0B 5E B4 40
(V) EA 66 0E 5E  59 2C 78 3F  DB CF 4B 45  B8 3D 2F B7
(V) 46 4D D6 0B  CD 40 04 DE  8B 37 25 BE  4B A5 36 DF
(V) 84 09 7E 0B  2B A3 A8 5C  2C 12 F9 96  C4 A6 FA C6
(V) 84 EA EE 8F  19 31 FB
(V) GCM frame:
(V) DB 08 4B 41  4D 45 01 AB  F4 3F 82 00  E7 30 00 78
(V) 4A 6C 0F 00  00 00 00 0C  07 E9 09 09  02 0E 0C 00
(V) FF 80 00 00  02 19 0A 0E  4B 61 6D 73  74 72 75 70
(V) 5F 56 30 30  30 31 09 06  01 01 00 00  05 FF 0A 10
(V) 35 37 30 36  35 36 37 32  38 30 34 36  33 39 39 31
(V) 09 06 01 01  60 01 01 FF  0A 12 36 38  34 31 31 33
(V) 38 42 4E 32  34 33 31 30  31 30 31 30  09 06 01 01
(V) 01 07 00 FF  06 00 00 02  2F 09 06 01  01 02 07 00
(V) FF 06 00 00  00 00 09 06  01 01 03 07  00 FF 06 00
(V) 00 00 1B 09  06 01 01 04  07 00 FF 06  00 00 00 9D
(V) 09 06 01 01  1F 07 00 FF  06 00 00 00  F0 09 06 01
(V) 01 33 07 00  FF 06 00 00  00 13 09 06  01 01 47 07
(V) 00 FF 06 00  00 00 24 09  06 01 01 20  07 00 FF 12
(V) 56 5D 09 06  01 01 34 07  00 FF 12 56  AB 09 06 01
(V) 01 48 07 00  FF 12 56 FC  96 C4 A6 FA  C6 84 EA EE
(V) 8F 19 31 FB
(V) DLMS frame:
(V) 0F 00 00 00  00 0C 07 E9  09 09 02 0E  0C 00 FF 80
(V) 00 00 02 19  0A 0E 4B 61  6D 73 74 72  75 70 5F 56
(V) 30 30 30 31  09 06 01 01  00 00 05 FF  0A 10 35 37
(V) 30 36 35 36  37 32 38 30  34 36 33 39  39 31 09 06
(V) 01 01 60 01  01 FF 0A 12  36 38 34 31  31 33 38 42
(V) 4E 32 34 33  31 30 31 30  31 30 09 06  01 01 01 07
(V) 00 FF 06 00  00 02 2F 09  06 01 01 02  07 00 FF 06
(V) 00 00 00 00  09 06 01 01  03 07 00 FF  06 00 00 00
(V) 1B 09 06 01  01 04 07 00  FF 06 00 00  00 9D 09 06
(V) 01 01 1F 07  00 FF 06 00  00 00 F0 09  06 01 01 33
(V) 07 00 FF 06  00 00 00 13  09 06 01 01  47 07 00 FF
(V) 06 00 00 00  24 09 06 01  01 20 07 00  FF 12 56 5D
(V) 09 06 01 01  34 07 00 FF  12 56 AB 09  06 01 01 48
(V) 07 00 FF 12  56 FC
(D) Received valid DLMS at 47 +196
(V) Using application data:
(V) 02 19 0A 0E  4B 61 6D 73  74 72 75 70  5F 56 30 30
(V) 30 31 09 06  01 01 00 00  05 FF 0A 10  35 37 30 36
(V) 35 36 37 32  38 30 34 36  33 39 39 31  09 06 01 01
(V) 60 01 01 FF  0A 12 36 38  34 31 31 33  38 42 4E 32
(V) 34 33 31 30  31 30 31 30  09 06 01 01  01 07 00 FF
(V) 06 00 00 02  2F 09 06 01  01 02 07 00  FF 06 00 00
(V) 00 00 09 06  01 01 03 07  00 FF 06 00  00 00 1B 09
(V) 06 01 01 04  07 00 FF 06  00 00 00 9D  09 06 01 01
(V) 1F 07 00 FF  06 00 00 00  F0 09 06 01  01 33 07 00
(V) FF 06 00 00  00 13 09 06  01 01 47 07  00 FF 06 00
(V) 00 00 24 09  06 01 01 20  07 00 FF 12  56 5D 09 06
(V) 01 01 34 07  00 FF 12 56  AB 09 06 01  01 48 07 00
(V) FF 12 56 FC
(V) DLMS
(D) NOT Ready to update (internal clock 13:12:02 UTC, meter clock: 00:00:00, list type 2, est: 1)
(V) HDLC frame:
(V) 7E A1 00 41  03 13 2F 7A  E6 E7 00 DB  08 4B 41 4D
(V) 45 01 AB F4  3F 82 00 E7  30 00 78 4A  6D 3D F2 4D
(V) 32 2C 01 E2  D2 F8 25 96  0A FA 06 66  91 A2 D4 A6
(V) B1 E8 5A 75  B6 01 5D E5  EE 18 10 2C  3F BD 85 73
(V) 0B 3A 98 B7  AC D9 E0 91  13 B0 E4 4E  9C 0E 15 FA
(V) 3F 85 AF CC  96 61 81 D2  5B 80 6D ED  C1 61 16 35
(V) 02 0A 5C A2  9D FF 2D 83  FF 30 6B 22  11 3A 57 D2
(V) 2E 73 A1 CC  BD 81 A9 AC  E6 61 31 6F  89 A8 14 54
(V) 32 A3 33 45  0D FF 08 A7  62 E9 2D 28  55 82 28 2B
(V) 0E 98 AE 73  A2 9D AC 4E  7A A9 F9 64  D9 15 B1 C2
(V) F4 C7 52 BA  57 8B 9F 44  D4 92 38 37  A4 B1 72 44
(V) 40 4C B9 4E  27 1E FE 75  50 A6 6C FB  C9 68 19 68
(V) DE BF 55 78  3C 9A DA 97  16 45 AA 50  EB 3B C7 91
(V) C5 92 B8 D9  C1 E0 AA C3  0D 65 7D 05  5A F5 DA 66
(V) BF 21 D3 CF  23 F8 77 03  37 D5 D4 F9  F1 4A 6E 6A
(V) D0 71 E0 20  EC A3 CB F0  3A 94 0B B7  77 3D B4 30
(V) 11 7E
(V) LLC frame:
(V) E6 E7 00 DB  08 4B 41 4D  45 01 AB F4  3F 82 00 E7
(V) 30 00 78 4A  6D 3D F2 4D  32 2C 01 E2  D2 F8 25 96
(V) 0A FA 06 66  91 A2 D4 A6  B1 E8 5A 75  B6 01 5D E5
(V) EE 18 10 2C  3F BD 85 73  0B 3A 98 B7  AC D9 E0 91
(V) 13 B0 E4 4E  9C 0E 15 FA  3F 85 AF CC  96 61 81 D2
(V) 5B 80 6D ED  C1 61 16 35  02 0A 5C A2  9D FF 2D 83
(V) FF 30 6B 22  11 3A 57 D2  2E 73 A1 CC  BD 81 A9 AC
(V) E6 61 31 6F  89 A8 14 54  32 A3 33 45  0D FF 08 A7
(V) 62 E9 2D 28  55 82 28 2B  0E 98 AE 73  A2 9D AC 4E
(V) 7A A9 F9 64  D9 15 B1 C2  F4 C7 52 BA  57 8B 9F 44
(V) D4 92 38 37  A4 B1 72 44  40 4C B9 4E  27 1E FE 75
(V) 50 A6 6C FB  C9 68 19 68  DE BF 55 78  3C 9A DA 97
(V) 16 45 AA 50  EB 3B C7 91  C5 92 B8 D9  C1 E0 AA C3
(V) 0D 65 7D 05  5A F5 DA 66  BF 21 D3 CF  23 F8 77 03
(V) 37 D5 D4 F9  F1 4A 6E 6A  D0 71 E0 20  EC A3 CB F0
(V) 3A 94 0B B7  77 3D B4
(V) GCM frame:
(V) DB 08 4B 41  4D 45 01 AB  F4 3F 82 00  E7 30 00 78
(V) 4A 6D 0F 00  00 00 00 0C  07 E9 09 09  02 0E 0C 0A
(V) FF 80 00 00  02 19 0A 0E  4B 61 6D 73  74 72 75 70
(V) 5F 56 30 30  30 31 09 06  01 01 00 00  05 FF 0A 10
(V) 35 37 30 36  35 36 37 32  38 30 34 36  33 39 39 31
(V) 09 06 01 01  60 01 01 FF  0A 12 36 38  34 31 31 33
(V) 38 42 4E 32  34 33 31 30  31 30 31 30  09 06 01 01
(V) 01 07 00 FF  06 00 00 02  2C 09 06 01  01 02 07 00
(V) FF 06 00 00  00 00 09 06  01 01 03 07  00 FF 06 00
(V) 00 00 1B 09  06 01 01 04  07 00 FF 06  00 00 00 9C
(V) 09 06 01 01  1F 07 00 FF  06 00 00 00  EE 09 06 01
(V) 01 33 07 00  FF 06 00 00  00 13 09 06  01 01 47 07
(V) 00 FF 06 00  00 00 24 09  06 01 01 20  07 00 FF 12
(V) 56 3F 09 06  01 01 34 07  00 FF 12 56  69 09 06 01
(V) 01 48 07 00  FF 12 56 55  20 EC A3 CB  F0 3A 94 0B
(V) B7 77 3D B4
(V) DLMS frame:
(V) 0F 00 00 00  00 0C 07 E9  09 09 02 0E  0C 0A FF 80
(V) 00 00 02 19  0A 0E 4B 61  6D 73 74 72  75 70 5F 56
(V) 30 30 30 31  09 06 01 01  00 00 05 FF  0A 10 35 37
(V) 30 36 35 36  37 32 38 30  34 36 33 39  39 31 09 06
(V) 01 01 60 01  01 FF 0A 12  36 38 34 31  31 33 38 42
(V) 4E 32 34 33  31 30 31 30  31 30 09 06  01 01 01 07
(V) 00 FF 06 00  00 02 2C 09  06 01 01 02  07 00 FF 06
(V) 00 00 00 00  09 06 01 01  03 07 00 FF  06 00 00 00
(V) 1B 09 06 01  01 04 07 00  FF 06 00 00  00 9C 09 06
(V) 01 01 1F 07  00 FF 06 00  00 00 EE 09  06 01 01 33
(V) 07 00 FF 06  00 00 00 13  09 06 01 01  47 07 00 FF
(V) 06 00 00 00  24 09 06 01  01 20 07 00  FF 12 56 3F
(V) 09 06 01 01  34 07 00 FF  12 56 69 09  06 01 01 48
(V) 07 00 FF 12  56 55
(D) Received valid DLMS at 47 +196
(V) Using application data:
(V) 02 19 0A 0E  4B 61 6D 73  74 72 75 70  5F 56 30 30
(V) 30 31 09 06  01 01 00 00  05 FF 0A 10  35 37 30 36
(V) 35 36 37 32  38 30 34 36  33 39 39 31  09 06 01 01
(V) 60 01 01 FF  0A 12 36 38  34 31 31 33  38 42 4E 32
(V) 34 33 31 30  31 30 31 30  09 06 01 01  01 07 00 FF
(V) 06 00 00 02  2C 09 06 01  01 02 07 00  FF 06 00 00
(V) 00 00 09 06  01 01 03 07  00 FF 06 00  00 00 1B 09
(V) 06 01 01 04  07 00 FF 06  00 00 00 9C  09 06 01 01
(V) 1F 07 00 FF  06 00 00 00  EE 09 06 01  01 33 07 00
(V) FF 06 00 00  00 13 09 06  01 01 47 07  00 FF 06 00
(V) 00 00 24 09  06 01 01 20  07 00 FF 12  56 3F 09 06
(V) 01 01 34 07  00 FF 12 56  69 09 06 01  01 48 07 00
(V) FF 12 56 55
(V) DLMS
(D) NOT Ready to update (internal clock 13:12:12 UTC, meter clock: 00:00:00, list type 2, est: 1)
(V) HDLC frame:
(V) 7E A1 00 41  03 13 2F 7A  E6 E7 00 DB  08 4B 41 4D
(V) 45 01 AB F4  3F 82 00 E7  30 00 78 4A  6E 94 D2 EB
(V) 74 2D 91 BB  B4 32 11 5F  64 44 8B E6  4F CA DD 63
(V) C0 6A B7 09  74 F2 9C 31  50 66 1F BC  79 0A 91 F9
(V) 2E EA A0 47  80 E3 14 B9  13 9D FA FC  26 ED EA 43
(V) D9 46 7E 53  5F CA B6 CA  AC 24 27 B0  25 E6 6A 10
(V) 2C 41 65 A8  FE 9C D2 DD  7F 8A 3B D2  3E 82 5F 24
(V) 9D 45 44 15  DC 34 36 78  44 F3 9F 89  BA 8B 15 AA
(V) F5 6C 01 B5  E7 E9 07 87  48 7F DF C5  2B 5E ED 66
(V) 35 45 B8 3A  C5 4F 94 72  2D 4F 2F 61  B4 AE F7 B2
(V) 3C 5B 00 84  CE 27 4C 59  E0 72 31 6E  84 57 DC 08
(V) BA AC BC 51  E7 B2 12 8C  F2 47 4B A5  88 FA E6 F1
(V) E0 57 1F 82  FF 3A C2 8C  F1 59 2D 9D  31 CC A9 E0
(V) 92 45 9A 1C  83 C7 24 1E  6F BE 66 CC  DC B0 C1 0D
(V) F2 21 80 7D  65 79 E7 BA  3B 58 36 EA  16 D6 03 3C
(V) 4D 8D EE A8  D2 71 51 F7  29 22 3C 56  90 F1 FF F5
(V) DE 7E
(V) LLC frame:
(V) E6 E7 00 DB  08 4B 41 4D  45 01 AB F4  3F 82 00 E7
(V) 30 00 78 4A  6E 94 D2 EB  74 2D 91 BB  B4 32 11 5F
(V) 64 44 8B E6  4F CA DD 63  C0 6A B7 09  74 F2 9C 31
(V) 50 66 1F BC  79 0A 91 F9  2E EA A0 47  80 E3 14 B9
(V) 13 9D FA FC  26 ED EA 43  D9 46 7E 53  5F CA B6 CA
(V) AC 24 27 B0  25 E6 6A 10  2C 41 65 A8  FE 9C D2 DD
(V) 7F 8A 3B D2  3E 82 5F 24  9D 45 44 15  DC 34 36 78
(V) 44 F3 9F 89  BA 8B 15 AA  F5 6C 01 B5  E7 E9 07 87
(V) 48 7F DF C5  2B 5E ED 66  35 45 B8 3A  C5 4F 94 72
(V) 2D 4F 2F 61  B4 AE F7 B2  3C 5B 00 84  CE 27 4C 59
(V) E0 72 31 6E  84 57 DC 08  BA AC BC 51  E7 B2 12 8C
(V) F2 47 4B A5  88 FA E6 F1  E0 57 1F 82  FF 3A C2 8C
(V) F1 59 2D 9D  31 CC A9 E0  92 45 9A 1C  83 C7 24 1E
(V) 6F BE 66 CC  DC B0 C1 0D  F2 21 80 7D  65 79 E7 BA
(V) 3B 58 36 EA  16 D6 03 3C  4D 8D EE A8  D2 71 51 F7
(V) 29 22 3C 56  90 F1 FF
(V) GCM frame:
(V) DB 08 4B 41  4D 45 01 AB  F4 3F 82 00  E7 30 00 78
(V) 4A 6E 0F 00  00 00 00 0C  07 E9 09 09  02 0E 0C 14
(V) FF 80 00 00  02 19 0A 0E  4B 61 6D 73  74 72 75 70
(V) 5F 56 30 30  30 31 09 06  01 01 00 00  05 FF 0A 10
(V) 35 37 30 36  35 36 37 32  38 30 34 36  33 39 39 31
(V) 09 06 01 01  60 01 01 FF  0A 12 36 38  34 31 31 33
(V) 38 42 4E 32  34 33 31 30  31 30 31 30  09 06 01 01
(V) 01 07 00 FF  06 00 00 02  38 09 06 01  01 02 07 00
(V) FF 06 00 00  00 00 09 06  01 01 03 07  00 FF 06 00
(V) 00 00 1B 09  06 01 01 04  07 00 FF 06  00 00 00 9E
(V) 09 06 01 01  1F 07 00 FF  06 00 00 00  F3 09 06 01
(V) 01 33 07 00  FF 06 00 00  00 13 09 06  01 01 47 07
(V) 00 FF 06 00  00 00 24 09  06 01 01 20  07 00 FF 12
(V) 56 37 09 06  01 01 34 07  00 FF 12 56  91 09 06 01
(V) 01 48 07 00  FF 12 56 65  A8 D2 71 51  F7 29 22 3C
(V) 56 90 F1 FF
(V) DLMS frame:
(V) 0F 00 00 00  00 0C 07 E9  09 09 02 0E  0C 14 FF 80
(V) 00 00 02 19  0A 0E 4B 61  6D 73 74 72  75 70 5F 56
(V) 30 30 30 31  09 06 01 01  00 00 05 FF  0A 10 35 37
(V) 30 36 35 36  37 32 38 30  34 36 33 39  39 31 09 06
(V) 01 01 60 01  01 FF 0A 12  36 38 34 31  31 33 38 42
(V) 4E 32 34 33  31 30 31 30  31 30 09 06  01 01 01 07
(V) 00 FF 06 00  00 02 38 09  06 01 01 02  07 00 FF 06
(V) 00 00 00 00  09 06 01 01  03 07 00 FF  06 00 00 00
(V) 1B 09 06 01  01 04 07 00  FF 06 00 00  00 9E 09 06
(V) 01 01 1F 07  00 FF 06 00  00 00 F3 09  06 01 01 33
(V) 07 00 FF 06  00 00 00 13  09 06 01 01  47 07 00 FF
(V) 06 00 00 00  24 09 06 01  01 20 07 00  FF 12 56 37
(V) 09 06 01 01  34 07 00 FF  12 56 91 09  06 01 01 48
(V) 07 00 FF 12  56 65
(D) Received valid DLMS at 47 +196
(V) Using application data:
(V) 02 19 0A 0E  4B 61 6D 73  74 72 75 70  5F 56 30 30
(V) 30 31 09 06  01 01 00 00  05 FF 0A 10  35 37 30 36
(V) 35 36 37 32  38 30 34 36  33 39 39 31  09 06 01 01
(V) 60 01 01 FF  0A 12 36 38  34 31 31 33  38 42 4E 32
(V) 34 33 31 30  31 30 31 30  09 06 01 01  01 07 00 FF
(V) 06 00 00 02  38 09 06 01  01 02 07 00  FF 06 00 00
(V) 00 00 09 06  01 01 03 07  00 FF 06 00  00 00 1B 09
(V) 06 01 01 04  07 00 FF 06  00 00 00 9E  09 06 01 01
(V) 1F 07 00 FF  06 00 00 00  F3 09 06 01  01 33 07 00
(V) FF 06 00 00  00 13 09 06  01 01 47 07  00 FF 06 00
(V) 00 00 24 09  06 01 01 20  07 00 FF 12  56 37 09 06
(V) 01 01 34 07  00 FF 12 56  91 09 06 01  01 48 07 00
(V) FF 12 56 65
(V) DLMS
(D) NOT Ready to update (internal clock 13:12:22 UTC, meter clock: 00:00:00, list type 2, est: 1)
(V) HDLC frame:
(V) 7E A1 00 41  03 13 2F 7A  E6 E7 00 DB  08 4B 41 4D
(V) 45 01 AB F4  3F 82 00 E7  30 00 78 4A  6F C5 E8 C9
(V) 00 4B 5F 0C  9F 66 7A EE  66 68 F8 A5  39 AD 68 E0
(V) 95 3C AA 79  98 25 28 CE  DD 7A 82 14  51 B3 E2 BA
(V) DA 09 74 12  AB 8C 47 45  33 7C 2C B5  25 3B 79 E1
(V) 67 25 5E AB  59 91 54 98  9B 6C E0 C2  22 A4 0D DC
(V) C6 A2 62 DB  6A 3C B2 7F  1A 67 A7 A3  7E 03 D5 BB
(V) 8C FE A4 A2  CD 2B 6E EF  DE 4D 47 DC  0B 29 30 57
(V) D0 18 8F 75  40 C4 59 14  2C 6A 06 09  FA B3 12 76
(V) D5 97 95 C8  D3 B5 8B F2  51 86 9B 79  2D 5D 33 5C
(V) D5 9A 2A 5E  68 A6 86 D8  18 6F E8 AC  55 78 95 BB
(V) D2 5C 4D 6F  96 DB 05 1F  D4 A3 30 B3  AA FD 58 81
(V) 76 C1 C0 4B  36 AE F9 94  21 3E 61 2E  2F A8 ED 8B
(V) 26 70 19 4D  84 4A E7 9F  BF 63 27 BD  00 89 07 C1
(V) 59 A7 9D FF  F1 70 B5 E1  FF 8F BA E7  B3 70 C9 93
(V) 20 45 12 55  94 A0 BA 57  76 49 FC E4  99 2B CA 85
(V) 16 7E
(V) LLC frame:
(V) E6 E7 00 DB  08 4B 41 4D  45 01 AB F4  3F 82 00 E7
(V) 30 00 78 4A  6F C5 E8 C9  00 4B 5F 0C  9F 66 7A EE
(V) 66 68 F8 A5  39 AD 68 E0  95 3C AA 79  98 25 28 CE
(V) DD 7A 82 14  51 B3 E2 BA  DA 09 74 12  AB 8C 47 45
(V) 33 7C 2C B5  25 3B 79 E1  67 25 5E AB  59 91 54 98
(V) 9B 6C E0 C2  22 A4 0D DC  C6 A2 62 DB  6A 3C B2 7F
(V) 1A 67 A7 A3  7E 03 D5 BB  8C FE A4 A2  CD 2B 6E EF
(V) DE 4D 47 DC  0B 29 30 57  D0 18 8F 75  40 C4 59 14
(V) 2C 6A 06 09  FA B3 12 76  D5 97 95 C8  D3 B5 8B F2
(V) 51 86 9B 79  2D 5D 33 5C  D5 9A 2A 5E  68 A6 86 D8
(V) 18 6F E8 AC  55 78 95 BB  D2 5C 4D 6F  96 DB 05 1F
(V) D4 A3 30 B3  AA FD 58 81  76 C1 C0 4B  36 AE F9 94
(V) 21 3E 61 2E  2F A8 ED 8B  26 70 19 4D  84 4A E7 9F
(V) BF 63 27 BD  00 89 07 C1  59 A7 9D FF  F1 70 B5 E1
(V) FF 8F BA E7  B3 70 C9 93  20 45 12 55  94 A0 BA 57
(V) 76 49 FC E4  99 2B CA
(V) GCM frame:
(V) DB 08 4B 41  4D 45 01 AB  F4 3F 82 00  E7 30 00 78
(V) 4A 6F 0F 00  00 00 00 0C  07 E9 09 09  02 0E 0C 1E
(V) FF 80 00 00  02 19 0A 0E  4B 61 6D 73  74 72 75 70
(V) 5F 56 30 30  30 31 09 06  01 01 00 00  05 FF 0A 10
(V) 35 37 30 36  35 36 37 32  38 30 34 36  33 39 39 31
(V) 09 06 01 01  60 01 01 FF  0A 12 36 38  34 31 31 33
(V) 38 42 4E 32  34 33 31 30  31 30 31 30  09 06 01 01
(V) 01 07 00 FF  06 00 00 02  36 09 06 01  01 02 07 00
(V) FF 06 00 00  00 00 09 06  01 01 03 07  00 FF 06 00
(V) 00 00 1B 09  06 01 01 04  07 00 FF 06  00 00 00 9D
(V) 09 06 01 01  1F 07 00 FF  06 00 00 00  F3 09 06 01
(V) 01 33 07 00  FF 06 00 00  00 13 09 06  01 01 47 07
(V) 00 FF 06 00  00 00 24 09  06 01 01 20  07 00 FF 12
(V) 56 1D 09 06  01 01 34 07  00 FF 12 56  71 09 06 01
(V) 01 48 07 00  FF 12 56 48  55 94 A0 BA  57 76 49 FC
(V) E4 99 2B CA
(V) DLMS frame:
(V) 0F 00 00 00  00 0C 07 E9  09 09 02 0E  0C 1E FF 80
(V) 00 00 02 19  0A 0E 4B 61  6D 73 74 72  75 70 5F 56
(V) 30 30 30 31  09 06 01 01  00 00 05 FF  0A 10 35 37
(V) 30 36 35 36  37 32 38 30  34 36 33 39  39 31 09 06
(V) 01 01 60 01  01 FF 0A 12  36 38 34 31  31 33 38 42
(V) 4E 32 34 33  31 30 31 30  31 30 09 06  01 01 01 07
(V) 00 FF 06 00  00 02 36 09  06 01 01 02  07 00 FF 06
(V) 00 00 00 00  09 06 01 01  03 07 00 FF  06 00 00 00
(V) 1B 09 06 01  01 04 07 00  FF 06 00 00  00 9D 09 06
(V) 01 01 1F 07  00 FF 06 00  00 00 F3 09  06 01 01 33
(V) 07 00 FF 06  00 00 00 13  09 06 01 01  47 07 00 FF
(V) 06 00 00 00  24 09 06 01  01 20 07 00  FF 12 56 1D
(V) 09 06 01 01  34 07 00 FF  12 56 71 09  06 01 01 48
(V) 07 00 FF 12  56 48
(D) Received valid DLMS at 47 +196
(V) Using application data:
(V) 02 19 0A 0E  4B 61 6D 73  74 72 75 70  5F 56 30 30
(V) 30 31 09 06  01 01 00 00  05 FF 0A 10  35 37 30 36
(V) 35 36 37 32  38 30 34 36  33 39 39 31  09 06 01 01
(V) 60 01 01 FF  0A 12 36 38  34 31 31 33  38 42 4E 32
(V) 34 33 31 30  31 30 31 30  09 06 01 01  01 07 00 FF
(V) 06 00 00 02  36 09 06 01  01 02 07 00  FF 06 00 00
(V) 00 00 09 06  01 01 03 07  00 FF 06 00  00 00 1B 09
(V) 06 01 01 04  07 00 FF 06  00 00 00 9D  09 06 01 01
(V) 1F 07 00 FF  06 00 00 00  F3 09 06 01  01 33 07 00
(V) FF 06 00 00  00 13 09 06  01 01 47 07  00 FF 06 00
(V) 00 00 24 09  06 01 01 20  07 00 FF 12  56 1D 09 06
(V) 01 01 34 07  00 FF 12 56  71 09 06 01  01 48 07 00
(V) FF 12 56 48
(V) DLMS
(D) NOT Ready to update (internal clock 13:12:32 UTC, meter clock: 00:00:00, list type 2, est: 1)
(V) HDLC frame:
(V) 7E A1 00 41  03 13 2F 7A  E6 E7 00 DB  08 4B 41 4D
(V) 45 01 AB F4  3F 82 00 E7  30 00 78 4A  70 8A A1 8B
(V) 64 1D B7 73  C1 55 9B 2D  A6 B0 B2 55  B3 54 47 DB
(V) 7B A5 99 17  AF 05 BF 23  0E 2A 81 CB  E8 44 6F F2
(V) D1 B5 C0 D7  C2 DE E4 24  62 D0 89 8F  E6 3F 64 75
(V) 9D 3B 0B 19  F6 6A 60 40  90 9D FF 46  CB E4 05 44
(V) C8 14 B5 6F  D4 20 53 CB  D1 56 EE DB  E7 F6 F4 59
(V) 47 23 CE 1B  D0 30 0C C3  B5 1C 8F 71  29 BF 47 2C
(V) DE F2 68 C8  93 B9 EC 40  81 1A 7E 29  12 B8 70 01
(V) 40 38 10 8E  6E 93 CB E7  F4 74 2F AF  33 28 6F 92
(V) 5E 58 D5 8D  A3 B0 6B DA  C6 4C 2B 25  75 22 E6 87
(V) C0 38 C3 7E  BA EA 5B 6B  3B D3 BA 28  9D CB CD AB
(V) FB DB 8B EF  92 7B BB B5  59 38 D7 0A  71 3B F8 E0
(V) 29 D2 6E 59  21 CE 18 CD  3E F6 69 FE  06 DE 0C 3B
(V) 60 D3 4D E5  A4 79 D0 94  D8 42 1A B1  FB DD 70 D4
(V) 97 48 4B B0  FD 09 CF 09  4F 9E 17 03  65 A0 27 41
(V) DC 7E
(V) LLC frame:
(V) E6 E7 00 DB  08 4B 41 4D  45 01 AB F4  3F 82 00 E7
(V) 30 00 78 4A  70 8A A1 8B  64 1D B7 73  C1 55 9B 2D
(V) A6 B0 B2 55  B3 54 47 DB  7B A5 99 17  AF 05 BF 23
(V) 0E 2A 81 CB  E8 44 6F F2  D1 B5 C0 D7  C2 DE E4 24
(V) 62 D0 89 8F  E6 3F 64 75  9D 3B 0B 19  F6 6A 60 40
(V) 90 9D FF 46  CB E4 05 44  C8 14 B5 6F  D4 20 53 CB
(V) D1 56 EE DB  E7 F6 F4 59  47 23 CE 1B  D0 30 0C C3
(V) B5 1C 8F 71  29 BF 47 2C  DE F2 68 C8  93 B9 EC 40
(V) 81 1A 7E 29  12 B8 70 01  40 38 10 8E  6E 93 CB E7
(V) F4 74 2F AF  33 28 6F 92  5E 58 D5 8D  A3 B0 6B DA
(V) C6 4C 2B 25  75 22 E6 87  C0 38 C3 7E  BA EA 5B 6B
(V) 3B D3 BA 28  9D CB CD AB  FB DB 8B EF  92 7B BB B5
(V) 59 38 D7 0A  71 3B F8 E0  29 D2 6E 59  21 CE 18 CD
(V) 3E F6 69 FE  06 DE 0C 3B  60 D3 4D E5  A4 79 D0 94
(V) D8 42 1A B1  FB DD 70 D4  97 48 4B B0  FD 09 CF 09
(V) 4F 9E 17 03  65 A0 27
(V) GCM frame:
(V) DB 08 4B 41  4D 45 01 AB  F4 3F 82 00  E7 30 00 78
(V) 4A 70 0F 00  00 00 00 0C  07 E9 09 09  02 0E 0C 28
(V) FF 80 00 00  02 19 0A 0E  4B 61 6D 73  74 72 75 70
(V) 5F 56 30 30  30 31 09 06  01 01 00 00  05 FF 0A 10
(V) 35 37 30 36  35 36 37 32  38 30 34 36  33 39 39 31
(V) 09 06 01 01  60 01 01 FF  0A 12 36 38  34 31 31 33
(V) 38 42 4E 32  34 33 31 30  31 30 31 30  09 06 01 01
(V) 01 07 00 FF  06 00 00 02  2E 09 06 01  01 02 07 00
(V) FF 06 00 00  00 00 09 06  01 01 03 07  00 FF 06 00
(V) 00 00 1B 09  06 01 01 04  07 00 FF 06  00 00 00 9C
(V) 09 06 01 01  1F 07 00 FF  06 00 00 00  EE 09 06 01
(V) 01 33 07 00  FF 06 00 00  00 13 09 06  01 01 47 07
(V) 00 FF 06 00  00 00 24 09  06 01 01 20  07 00 FF 12
(V) 56 3A 09 06  01 01 34 07  00 FF 12 56  82 09 06 01
(V) 01 48 07 00  FF 12 56 58  B0 FD 09 CF  09 4F 9E 17
(V) 03 65 A0 27
(V) DLMS frame:
(V) 0F 00 00 00  00 0C 07 E9  09 09 02 0E  0C 28 FF 80
(V) 00 00 02 19  0A 0E 4B 61  6D 73 74 72  75 70 5F 56
(V) 30 30 30 31  09 06 01 01  00 00 05 FF  0A 10 35 37
(V) 30 36 35 36  37 32 38 30  34 36 33 39  39 31 09 06
(V) 01 01 60 01  01 FF 0A 12  36 38 34 31  31 33 38 42
(V) 4E 32 34 33  31 30 31 30  31 30 09 06  01 01 01 07
(V) 00 FF 06 00  00 02 2E 09  06 01 01 02  07 00 FF 06
(V) 00 00 00 00  09 06 01 01  03 07 00 FF  06 00 00 00
(V) 1B 09 06 01  01 04 07 00  FF 06 00 00  00 9C 09 06
(V) 01 01 1F 07  00 FF 06 00  00 00 EE 09  06 01 01 33
(V) 07 00 FF 06  00 00 00 13  09 06 01 01  47 07 00 FF
(V) 06 00 00 00  24 09 06 01  01 20 07 00  FF 12 56 3A
(V) 09 06 01 01  34 07 00 FF  12 56 82 09  06 01 01 48
(V) 07 00 FF 12  56 58
(D) Received valid DLMS at 47 +196
(V) Using application data:
(V) 02 19 0A 0E  4B 61 6D 73  74 72 75 70  5F 56 30 30
(V) 30 31 09 06  01 01 00 00  05 FF 0A 10  35 37 30 36
(V) 35 36 37 32  38 30 34 36  33 39 39 31  09 06 01 01
(V) 60 01 01 FF  0A 12 36 38  34 31 31 33  38 42 4E 32
(V) 34 33 31 30  31 30 31 30  09 06 01 01  01 07 00 FF
(V) 06 00 00 02  2E 09 06 01  01 02 07 00  FF 06 00 00
(V) 00 00 09 06  01 01 03 07  00 FF 06 00  00 00 1B 09
(V) 06 01 01 04  07 00 FF 06  00 00 00 9C  09 06 01 01
(V) 1F 07 00 FF  06 00 00 00  EE 09 06 01  01 33 07 00
(V) FF 06 00 00  00 13 09 06  01 01 47 07  00 FF 06 00
(V) 00 00 24 09  06 01 01 20  07 00 FF 12  56 3A 09 06
(V) 01 01 34 07  00 FF 12 56  82 09 06 01  01 48 07 00
(V) FF 12 56 58
(V) DLMS
(D) NOT Ready to update (internal clock 13:12:42 UTC, meter clock: 00:00:00, list type 2, est: 1)
(V) HDLC frame:
(V) 7E A1 00 41  03 13 2F 7A  E6 E7 00 DB  08 4B 41 4D
(V) 45 01 AB F4  3F 82 00 E7  30 00 78 4A  71 8D 0C 56
(V) 12 60 D6 0C  41 FC 05 D1  3A 01 82 28  67 50 11 56
(V) BF ED E5 C7  EF 69 59 7B  F8 C2 97 4E  B1 6A D8 9C
(V) 56 07 22 64  51 27 B1 21  09 3D AA 0C  5D 78 7A F2
(V) 54 91 DF 2A  77 BC F0 68  05 1D E7 58  1B 86 25 6A
(V) F7 DA 63 63  32 E4 4F 89  FB 2C 1D D8  5E 85 85 FE
(V) 7D A7 0D 0C  3D 38 A7 6B  7F EB 73 8E  C4 BF 7A 34
(V) 6D 2C B6 73  FC 80 BA 2C  5B DD 2C 5E  02 D1 B2 B3
(V) 1C 5A D0 CA  BD 7F 77 F0  A6 6E 6C EE  63 37 30 3F
(V) 46 46 64 13  44 66 98 80  85 45 48 72  11 A1 6D 09
(V) 0C B4 66 50  38 C7 33 58  72 34 91 B6  23 E5 BF 5D
(V) BB 35 D1 47  81 40 E7 0A  F7 16 56 88  39 8F 74 63
(V) 76 97 0E 09  2B FC BE 69  26 13 4B BC  8F BA 21 08
(V) 3C 1B 82 6E  79 AF B0 AD  41 E1 00 6A  C0 29 C6 69
(V) 05 62 2C A6  42 DF 77 CF  A6 3B 1F 53  A6 E6 7E B7
(V) 91 7E
(V) LLC frame:
(V) E6 E7 00 DB  08 4B 41 4D  45 01 AB F4  3F 82 00 E7
(V) 30 00 78 4A  71 8D 0C 56  12 60 D6 0C  41 FC 05 D1
(V) 3A 01 82 28  67 50 11 56  BF ED E5 C7  EF 69 59 7B
(V) F8 C2 97 4E  B1 6A D8 9C  56 07 22 64  51 27 B1 21
(V) 09 3D AA 0C  5D 78 7A F2  54 91 DF 2A  77 BC F0 68
(V) 05 1D E7 58  1B 86 25 6A  F7 DA 63 63  32 E4 4F 89
(V) FB 2C 1D D8  5E 85 85 FE  7D A7 0D 0C  3D 38 A7 6B
(V) 7F EB 73 8E  C4 BF 7A 34  6D 2C B6 73  FC 80 BA 2C
(V) 5B DD 2C 5E  02 D1 B2 B3  1C 5A D0 CA  BD 7F 77 F0
(V) A6 6E 6C EE  63 37 30 3F  46 46 64 13  44 66 98 80
(V) 85 45 48 72  11 A1 6D 09  0C B4 66 50  38 C7 33 58
(V) 72 34 91 B6  23 E5 BF 5D  BB 35 D1 47  81 40 E7 0A
(V) F7 16 56 88  39 8F 74 63  76 97 0E 09  2B FC BE 69
(V) 26 13 4B BC  8F BA 21 08  3C 1B 82 6E  79 AF B0 AD
(V) 41 E1 00 6A  C0 29 C6 69  05 62 2C A6  42 DF 77 CF
(V) A6 3B 1F 53  A6 E6 7E
(V) GCM frame:
(V) DB 08 4B 41  4D 45 01 AB  F4 3F 82 00  E7 30 00 78
(V) 4A 71 0F 00  00 00 00 0C  07 E9 09 09  02 0E 0C 32
(V) FF 80 00 00  02 19 0A 0E  4B 61 6D 73  74 72 75 70
(V) 5F 56 30 30  30 31 09 06  01 01 00 00  05 FF 0A 10
(V) 35 37 30 36  35 36 37 32  38 30 34 36  33 39 39 31
(V) 09 06 01 01  60 01 01 FF  0A 12 36 38  34 31 31 33
(V) 38 42 4E 32  34 33 31 30  31 30 31 30  09 06 01 01
(V) 01 07 00 FF  06 00 00 02  27 09 06 01  01 02 07 00
(V) FF 06 00 00  00 00 09 06  01 01 03 07  00 FF 06 00
(V) 00 00 1B 09  06 01 01 04  07 00 FF 06  00 00 00 98
(V) 09 06 01 01  1F 07 00 FF  06 00 00 00  EC 09 06 01
(V) 01 33 07 00  FF 06 00 00  00 13 09 06  01 01 47 07
(V) 00 FF 06 00  00 00 23 09  06 01 01 20  07 00 FF 12
(V) 56 2D 09 06  01 01 34 07  00 FF 12 56  A9 09 06 01
(V) 01 48 07 00  FF 12 56 E4  A6 42 DF 77  CF A6 3B 1F
(V) 53 A6 E6 7E
(V) DLMS frame:
(V) 0F 00 00 00  00 0C 07 E9  09 09 02 0E  0C 32 FF 80
(V) 00 00 02 19  0A 0E 4B 61  6D 73 74 72  75 70 5F 56
(V) 30 30 30 31  09 06 01 01  00 00 05 FF  0A 10 35 37
(V) 30 36 35 36  37 32 38 30  34 36 33 39  39 31 09 06
(V) 01 01 60 01  01 FF 0A 12  36 38 34 31  31 33 38 42
(V) 4E 32 34 33  31 30 31 30  31 30 09 06  01 01 01 07
(V) 00 FF 06 00  00 02 27 09  06 01 01 02  07 00 FF 06
(V) 00 00 00 00  09 06 01 01  03 07 00 FF  06 00 00 00
(V) 1B 09 06 01  01 04 07 00  FF 06 00 00  00 98 09 06
(V) 01 01 1F 07  00 FF 06 00  00 00 EC 09  06 01 01 33
(V) 07 00 FF 06  00 00 00 13  09 06 01 01  47 07 00 FF
(V) 06 00 00 00  23 09 06 01  01 20 07 00  FF 12 56 2D
(V) 09 06 01 01  34 07 00 FF  12 56 A9 09  06 01 01 48
(V) 07 00 FF 12  56 E4
(D) Received valid DLMS at 47 +196
(V) Using application data:
(V) 02 19 0A 0E  4B 61 6D 73  74 72 75 70  5F 56 30 30
(V) 30 31 09 06  01 01 00 00  05 FF 0A 10  35 37 30 36
(V) 35 36 37 32  38 30 34 36  33 39 39 31  09 06 01 01
(V) 60 01 01 FF  0A 12 36 38  34 31 31 33  38 42 4E 32
(V) 34 33 31 30  31 30 31 30  09 06 01 01  01 07 00 FF
(V) 06 00 00 02  27 09 06 01  01 02 07 00  FF 06 00 00
(V) 00 00 09 06  01 01 03 07  00 FF 06 00  00 00 1B 09
(V) 06 01 01 04  07 00 FF 06  00 00 00 98  09 06 01 01
(V) 1F 07 00 FF  06 00 00 00  EC 09 06 01  01 33 07 00
(V) FF 06 00 00  00 13 09 06  01 01 47 07  00 FF 06 00
(V) 00 00 23 09  06 01 01 20  07 00 FF 12  56 2D 09 06
(V) 01 01 34 07  00 FF 12 56  A9 09 06 01  01 48 07 00
(V) FF 12 56 E4
(V) DLMS
(D) NOT Ready to update (internal clock 13:12:52 UTC, meter clock: 00:00:00, list type 2, est: 1)
(V) HDLC frame:
(V) 7E A1 00 41  03 13 2F 7A  E6 E7 00 DB  08 4B 41 4D
(V) 45 01 AB F4  3F 82 00 E7  30 00 78 4A  72 4D 75 BA
(V) 26 B9 6D 9C  69 9A 1D 2C  47 F4 31 4C  08 45 E2 D0
(V) 22 CE 1E 04  20 D4 8E 92  54 3E 09 4A  99 31 D2 26
(V) AB DA CE 6A  44 9A DC 45  E2 62 42 D5  22 AB C0 A4
(V) 9A 90 99 BC  31 32 57 74  C6 A0 60 46  ED 5B 25 5B
(V) 48 13 0C D5  3E 48 76 D3  04 44 B2 98  F9 FF 58 82
(V) 30 5F BB 27  24 01 0D 03  0E E5 24 CD  57 2F 19 2D
(V) 99 53 39 38  07 6A 65 11  8F CD 43 71  AC 34 E8 CF
(V) 1B 8A A7 7E  67 D0 05 43  78 6C B8 4F  EF E0 DF 89
(V) 14 1A 05 61  C6 D7 B2 B6  8B 9F BE AC  95 C0 AB 57
(V) 93 78 01 D9  5C 18 00 8D  57 01 03 91  E9 22 C5 DC
(V) A4 F8 CE 1F  FF 9B AC 44  CE 05 97 AE  A8 06 81 DD
(V) 02 A7 09 F6  43 7C 43 10  3D 8D D6 FD  EA 83 BA 72
(V) E1 55 D9 42  DB 67 D2 4A  D6 13 22 77  34 B6 39 86
(V) EB 05 C2 AE  55 86 6A F9  4C 63 82 F5  E3 37 BB 3B
(V) 8F 7E
(V) LLC frame:
(V) E6 E7 00 DB  08 4B 41 4D  45 01 AB F4  3F 82 00 E7
(V) 30 00 78 4A  72 4D 75 BA  26 B9 6D 9C  69 9A 1D 2C
(V) 47 F4 31 4C  08 45 E2 D0  22 CE 1E 04  20 D4 8E 92
(V) 54 3E 09 4A  99 31 D2 26  AB DA CE 6A  44 9A DC 45
(V) E2 62 42 D5  22 AB C0 A4  9A 90 99 BC  31 32 57 74
(V) C6 A0 60 46  ED 5B 25 5B  48 13 0C D5  3E 48 76 D3
(V) 04 44 B2 98  F9 FF 58 82  30 5F BB 27  24 01 0D 03
(V) 0E E5 24 CD  57 2F 19 2D  99 53 39 38  07 6A 65 11
(V) 8F CD 43 71  AC 34 E8 CF  1B 8A A7 7E  67 D0 05 43
(V) 78 6C B8 4F  EF E0 DF 89  14 1A 05 61  C6 D7 B2 B6
(V) 8B 9F BE AC  95 C0 AB 57  93 78 01 D9  5C 18 00 8D
(V) 57 01 03 91  E9 22 C5 DC  A4 F8 CE 1F  FF 9B AC 44
(V) CE 05 97 AE  A8 06 81 DD  02 A7 09 F6  43 7C 43 10
(V) 3D 8D D6 FD  EA 83 BA 72  E1 55 D9 42  DB 67 D2 4A
(V) D6 13 22 77  34 B6 39 86  EB 05 C2 AE  55 86 6A F9
(V) 4C 63 82 F5  E3 37 BB
(V) GCM frame:
(V) DB 08 4B 41  4D 45 01 AB  F4 3F 82 00  E7 30 00 78
(V) 4A 72 0F 00  00 00 00 0C  07 E9 09 09  02 0E 0D 00
(V) FF 80 00 00  02 19 0A 0E  4B 61 6D 73  74 72 75 70
(V) 5F 56 30 30  30 31 09 06  01 01 00 00  05 FF 0A 10
(V) 35 37 30 36  35 36 37 32  38 30 34 36  33 39 39 31
(V) 09 06 01 01  60 01 01 FF  0A 12 36 38  34 31 31 33
(V) 38 42 4E 32  34 33 31 30  31 30 31 30  09 06 01 01
(V) 01 07 00 FF  06 00 00 02  29 09 06 01  01 02 07 00
(V) FF 06 00 00  00 00 09 06  01 01 03 07  00 FF 06 00
(V) 00 00 1B 09  06 01 01 04  07 00 FF 06  00 00 00 99
(V) 09 06 01 01  1F 07 00 FF  06 00 00 00  EC 09 06 01
(V) 01 33 07 00  FF 06 00 00  00 13 09 06  01 01 47 07
(V) 00 FF 06 00  00 00 23 09  06 01 01 20  07 00 FF 12
(V) 56 72 09 06  01 01 34 07  00 FF 12 56  D1 09 06 01
(V) 01 48 07 00  FF 12 57 1B  AE 55 86 6A  F9 4C 63 82
(V) F5 E3 37 BB
(V) DLMS frame:
(V) 0F 00 00 00  00 0C 07 E9  09 09 02 0E  0D 00 FF 80
(V) 00 00 02 19  0A 0E 4B 61  6D 73 74 72  75 70 5F 56
(V) 30 30 30 31  09 06 01 01  00 00 05 FF  0A 10 35 37
(V) 30 36 35 36  37 32 38 30  34 36 33 39  39 31 09 06
(V) 01 01 60 01  01 FF 0A 12  36 38 34 31  31 33 38 42
(V) 4E 32 34 33  31 30 31 30  31 30 09 06  01 01 01 07
(V) 00 FF 06 00  00 02 29 09  06 01 01 02  07 00 FF 06
(V) 00 00 00 00  09 06 01 01  03 07 00 FF  06 00 00 00
(V) 1B 09 06 01  01 04 07 00  FF 06 00 00  00 99 09 06
(V) 01 01 1F 07  00 FF 06 00  00 00 EC 09  06 01 01 33
(V) 07 00 FF 06  00 00 00 13  09 06 01 01  47 07 00 FF
(V) 06 00 00 00  23 09 06 01  01 20 07 00  FF 12 56 72
(V) 09 06 01 01  34 07 00 FF  12 56 D1 09  06 01 01 48
(V) 07 00 FF 12  57 1B
(D) Received valid DLMS at 47 +196
(V) Using application data:
(V) 02 19 0A 0E  4B 61 6D 73  74 72 75 70  5F 56 30 30
(V) 30 31 09 06  01 01 00 00  05 FF 0A 10  35 37 30 36
(V) 35 36 37 32  38 30 34 36  33 39 39 31  09 06 01 01
(V) 60 01 01 FF  0A 12 36 38  34 31 31 33  38 42 4E 32
(V) 34 33 31 30  31 30 31 30  09 06 01 01  01 07 00 FF
(V) 06 00 00 02  29 09 06 01  01 02 07 00  FF 06 00 00
(V) 00 00 09 06  01 01 03 07  00 FF 06 00  00 00 1B 09
(V) 06 01 01 04  07 00 FF 06  00 00 00 99  09 06 01 01
(V) 1F 07 00 FF  06 00 00 00  EC 09 06 01  01 33 07 00
(V) FF 06 00 00  00 13 09 06  01 01 47 07  00 FF 06 00
(V) 00 00 23 09  06 01 01 20  07 00 FF 12  56 72 09 06
(V) 01 01 34 07  00 FF 12 56  D1 09 06 01  01 48 07 00
(V) FF 12 57 1B
(V) DLMS
(D) NOT Ready to update (internal clock 13:13:02 UTC, meter clock: 00:00:00, list type 2, est: 1)
(V) HDLC frame:
(V) 7E A1 00 41  03 13 2F 7A  E6 E7 00 DB  08 4B 41 4D
(V) 45 01 AB F4  3F 82 00 E7  30 00 78 4A  73 3F 2B D4
(V) 15 BB 2B 02  D0 1F D8 F0  7F AB E9 D5  EE A7 4B F8
(V) A2 D5 A4 6B  5E FE 72 31  91 49 76 22  77 A2 F5 8B
(V) 6C 42 60 CF  77 0D FF C4  CE 30 DE 1A  BD B2 41 F1
(V) DD 58 F1 58  C6 E4 D8 15  AE E9 8A 1B  E6 2B D9 00
(V) 2A 0B C2 BB  A5 F1 3A 05  66 43 0D E4  1C CF F0 10
(V) 09 7E C5 3F  84 26 16 26  D1 22 E5 D8  97 70 A7 2C
(V) 47 DF 3C 70  B8 B7 15 FA  C8 AA 32 F4  D0 2F CD 43
(V) 15 C6 B0 0D  AD E3 BD 78  7B DC 46 B2  C8 C0 45 34
(V) 71 26 FA 6B  E6 C8 6A D2  17 53 D1 86  09 C7 BE 93
(V) 12 BD 1E 0A  B5 DA 7C 9B  39 C5 58 70  C2 D7 6A AB
(V) 60 04 BC 32  A6 01 6C CB  7F BC 29 86  FA 20 C6 14
(V) 9D F8 AA DB  78 71 E3 68  0B E3 25 20  0D 01 D6 47
(V) 33 AA 87 53  FC 26 77 71  AA 45 42 78  72 5B D9 E9
(V) 1F A4 24 CB  E0 2A 2F D2  32 A1 A9 3A  0C DE C7 E4
(V) 42 7E
(V) LLC frame:
(V) E6 E7 00 DB  08 4B 41 4D  45 01 AB F4  3F 82 00 E7
(V) 30 00 78 4A  73 3F 2B D4  15 BB 2B 02  D0 1F D8 F0
(V) 7F AB E9 D5  EE A7 4B F8  A2 D5 A4 6B  5E FE 72 31
(V) 91 49 76 22  77 A2 F5 8B  6C 42 60 CF  77 0D FF C4
(V) CE 30 DE 1A  BD B2 41 F1  DD 58 F1 58  C6 E4 D8 15
(V) AE E9 8A 1B  E6 2B D9 00  2A 0B C2 BB  A5 F1 3A 05
(V) 66 43 0D E4  1C CF F0 10  09 7E C5 3F  84 26 16 26
(V) D1 22 E5 D8  97 70 A7 2C  47 DF 3C 70  B8 B7 15 FA
(V) C8 AA 32 F4  D0 2F CD 43  15 C6 B0 0D  AD E3 BD 78
(V) 7B DC 46 B2  C8 C0 45 34  71 26 FA 6B  E6 C8 6A D2
(V) 17 53 D1 86  09 C7 BE 93  12 BD 1E 0A  B5 DA 7C 9B
(V) 39 C5 58 70  C2 D7 6A AB  60 04 BC 32  A6 01 6C CB
(V) 7F BC 29 86  FA 20 C6 14  9D F8 AA DB  78 71 E3 68
(V) 0B E3 25 20  0D 01 D6 47  33 AA 87 53  FC 26 77 71
(V) AA 45 42 78  72 5B D9 E9  1F A4 24 CB  E0 2A 2F D2
(V) 32 A1 A9 3A  0C DE C7
(V) GCM frame:
(V) DB 08 4B 41  4D 45 01 AB  F4 3F 82 00  E7 30 00 78
(V) 4A 73 0F 00  00 00 00 0C  07 E9 09 09  02 0E 0D 0A
(V) FF 80 00 00  02 19 0A 0E  4B 61 6D 73  74 72 75 70
(V) 5F 56 30 30  30 31 09 06  01 01 00 00  05 FF 0A 10
(V) 35 37 30 36  35 36 37 32  38 30 34 36  33 39 39 31
(V) 09 06 01 01  60 01 01 FF  0A 12 36 38  34 31 31 33
(V) 38 42 4E 32  34 33 31 30  31 30 31 30  09 06 01 01
(V) 01 07 00 FF  06 00 00 02  21 09 06 01  01 02 07 00
(V) FF 06 00 00  00 00 09 06  01 01 03 07  00 FF 06 00
(V) 00 00 1B 09  06 01 01 04  07 00 FF 06  00 00 00 98
(V) 09 06 01 01  1F 07 00 FF  06 00 00 00  E8 09 06 01
(V) 01 33 07 00  FF 06 00 00  00 13 09 06  01 01 47 07
(V) 00 FF 06 00  00 00 23 09  06 01 01 20  07 00 FF 12
(V) 56 4C 09 06  01 01 34 07  00 FF 12 56  AF 09 06 01
(V) 01 48 07 00  FF 12 56 F9  CB E0 2A 2F  D2 32 A1 A9
(V) 3A 0C DE C7
(V) DLMS frame:
(V) 0F 00 00 00  00 0C 07 E9  09 09 02 0E  0D 0A FF 80
(V) 00 00 02 19  0A 0E 4B 61  6D 73 74 72  75 70 5F 56
(V) 30 30 30 31  09 06 01 01  00 00 05 FF  0A 10 35 37
(V) 30 36 35 36  37 32 38 30  34 36 33 39  39 31 09 06
(V) 01 01 60 01  01 FF 0A 12  36 38 34 31  31 33 38 42
(V) 4E 32 34 33  31 30 31 30  31 30 09 06  01 01 01 07
(V) 00 FF 06 00  00 02 21 09  06 01 01 02  07 00 FF 06
(V) 00 00 00 00  09 06 01 01  03 07 00 FF  06 00 00 00
(V) 1B 09 06 01  01 04 07 00  FF 06 00 00  00 98 09 06
(V) 01 01 1F 07  00 FF 06 00  00 00 E8 09  06 01 01 33
(V) 07 00 FF 06  00 00 00 13  09 06 01 01  47 07 00 FF
(V) 06 00 00 00  23 09 06 01  01 20 07 00  FF 12 56 4C
(V) 09 06 01 01  34 07 00 FF  12 56 AF 09  06 01 01 48
(V) 07 00 FF 12  56 F9
(D) Received valid DLMS at 47 +196
(V) Using application data:
(V) 02 19 0A 0E  4B 61 6D 73  74 72 75 70  5F 56 30 30
(V) 30 31 09 06  01 01 00 00  05 FF 0A 10  35 37 30 36
(V) 35 36 37 32  38 30 34 36  33 39 39 31  09 06 01 01
(V) 60 01 01 FF  0A 12 36 38  34 31 31 33  38 42 4E 32
(V) 34 33 31 30  31 30 31 30  09 06 01 01  01 07 00 FF
(V) 06 00 00 02  21 09 06 01  01 02 07 00  FF 06 00 00
(V) 00 00 09 06  01 01 03 07  00 FF 06 00  00 00 1B 09
(V) 06 01 01 04  07 00 FF 06  00 00 00 98  09 06 01 01
(V) 1F 07 00 FF  06 00 00 00  E8 09 06 01  01 33 07 00
(V) FF 06 00 00  00 13 09 06  01 01 47 07  00 FF 06 00
(V) 00 00 23 09  06 01 01 20  07 00 FF 12  56 4C 09 06
(V) 01 01 34 07  00 FF 12 56  AF 09 06 01  01 48 07 00
(V) FF 12 56 F9
(V) DLMS
(D) NOT Ready to update (internal clock 13:13:12 UTC, meter clock: 00:00:00, list type 2, est: 1)
(V) HDLC frame:
(V) 7E A1 00 41  03 13 2F 7A  E6 E7 00 DB  08 4B 41 4D
(V) 45 01 AB F4  3F 82 00 E7  30 00 78 4A  74 BA 03 82
(V) D7 7C 69 A0  9E E8 3C 27  3F 6A 6B B4  52 E4 CA 41
(V) F6 F5 20 19  43 4F A7 FA  E0 8A E8 49  B7 E0 9A 0B
(V) 9B A6 9E DD  50 F0 D5 B2  CB 8E EC 2F  50 9A 0F 55
(V) 85 29 1D A6  07 11 4A 00  FE B4 BC 5D  E4 B8 39 68
(V) 9B 40 22 84  DC 56 E4 5E  E2 84 6C 8F  46 27 51 26
(V) 7C 1B 71 49  5F 3C 40 2A  1B 40 34 94  2E 8A A7 AE
(V) 2E BF DA 78  A2 E6 DE C0  B8 5A CF 1D  9E 2D 7C DA
(V) 34 9A 76 E5  2B F8 11 68  9C 62 1F 42  6E 8A 66 26
(V) CD C9 8E 90  FE 9B 2F 2B  98 84 B0 05  83 32 B1 01
(V) 1C 86 39 DF  88 A1 2E 9E  10 15 D2 F6  AA 61 DE 76
(V) 83 01 CD 97  35 78 B9 1A  AB FD 78 A5  39 3B D5 A4
(V) 07 A2 0E 46  BA 41 CE 59  0C B6 97 2F  C8 5F 83 12
(V) 5B E0 17 5A  34 10 92 03  07 3F 22 32  CB 18 E8 AE
(V) 5B 7B 8D C2  43 34 CE B4  E3 7C 2B 76  7A D4 96 AD
(V) 36 7E
(V) LLC frame:
(V) E6 E7 00 DB  08 4B 41 4D  45 01 AB F4  3F 82 00 E7
(V) 30 00 78 4A  74 BA 03 82  D7 7C 69 A0  9E E8 3C 27
(V) 3F 6A 6B B4  52 E4 CA 41  F6 F5 20 19  43 4F A7 FA
(V) E0 8A E8 49  B7 E0 9A 0B  9B A6 9E DD  50 F0 D5 B2
(V) CB 8E EC 2F  50 9A 0F 55  85 29 1D A6  07 11 4A 00
(V) FE B4 BC 5D  E4 B8 39 68  9B 40 22 84  DC 56 E4 5E
(V) E2 84 6C 8F  46 27 51 26  7C 1B 71 49  5F 3C 40 2A
(V) 1B 40 34 94  2E 8A A7 AE  2E BF DA 78  A2 E6 DE C0
(V) B8 5A CF 1D  9E 2D 7C DA  34 9A 76 E5  2B F8 11 68
(V) 9C 62 1F 42  6E 8A 66 26  CD C9 8E 90  FE 9B 2F 2B
(V) 98 84 B0 05  83 32 B1 01  1C 86 39 DF  88 A1 2E 9E
(V) 10 15 D2 F6  AA 61 DE 76  83 01 CD 97  35 78 B9 1A
(V) AB FD 78 A5  39 3B D5 A4  07 A2 0E 46  BA 41 CE 59
(V) 0C B6 97 2F  C8 5F 83 12  5B E0 17 5A  34 10 92 03
(V) 07 3F 22 32  CB 18 E8 AE  5B 7B 8D C2  43 34 CE B4
(V) E3 7C 2B 76  7A D4 96
(V) GCM frame:
(V) DB 08 4B 41  4D 45 01 AB  F4 3F 82 00  E7 30 00 78
(V) 4A 74 0F 00  00 00 00 0C  07 E9 09 09  02 0E 0D 14
(V) FF 80 00 00  02 19 0A 0E  4B 61 6D 73  74 72 75 70
(V) 5F 56 30 30  30 31 09 06  01 01 00 00  05 FF 0A 10
(V) 35 37 30 36  35 36 37 32  38 30 34 36  33 39 39 31
(V) 09 06 01 01  60 01 01 FF  0A 12 36 38  34 31 31 33
(V) 38 42 4E 32  34 33 31 30  31 30 31 30  09 06 01 01
(V) 01 07 00 FF  06 00 00 02  24 09 06 01  01 02 07 00
(V) FF 06 00 00  00 00 09 06  01 01 03 07  00 FF 06 00
(V) 00 00 1B 09  06 01 01 04  07 00 FF 06  00 00 00 99
(V) 09 06 01 01  1F 07 00 FF  06 00 00 00  EB 09 06 01
(V) 01 33 07 00  FF 06 00 00  00 13 09 06  01 01 47 07
(V) 00 FF 06 00  00 00 23 09  06 01 01 20  07 00 FF 12
(V) 56 68 09 06  01 01 34 07  00 FF 12 56  CE 09 06 01
(V) 01 48 07 00  FF 12 57 3A  C2 43 34 CE  B4 E3 7C 2B
(V) 76 7A D4 96
(V) DLMS frame:
(V) 0F 00 00 00  00 0C 07 E9  09 09 02 0E  0D 14 FF 80
(V) 00 00 02 19  0A 0E 4B 61  6D 73 74 72  75 70 5F 56
(V) 30 30 30 31  09 06 01 01  00 00 05 FF  0A 10 35 37
(V) 30 36 35 36  37 32 38 30  34 36 33 39  39 31 09 06
(V) 01 01 60 01  01 FF 0A 12  36 38 34 31  31 33 38 42
(V) 4E 32 34 33  31 30 31 30  31 30 09 06  01 01 01 07
(V) 00 FF 06 00  00 02 24 09  06 01 01 02  07 00 FF 06
(V) 00 00 00 00  09 06 01 01  03 07 00 FF  06 00 00 00
(V) 1B 09 06 01  01 04 07 00  FF 06 00 00  00 99 09 06
(V) 01 01 1F 07  00 FF 06 00  00 00 EB 09  06 01 01 33
(V) 07 00 FF 06  00 00 00 13  09 06 01 01  47 07 00 FF
(V) 06 00 00 00  23 09 06 01  01 20 07 00  FF 12 56 68
(V) 09 06 01 01  34 07 00 FF  12 56 CE 09  06 01 01 48
(V) 07 00 FF 12  57 3A
(D) Received valid DLMS at 47 +196
(V) Using application data:
(V) 02 19 0A 0E  4B 61 6D 73  74 72 75 70  5F 56 30 30
(V) 30 31 09 06  01 01 00 00  05 FF 0A 10  35 37 30 36
(V) 35 36 37 32  38 30 34 36  33 39 39 31  09 06 01 01
(V) 60 01 01 FF  0A 12 36 38  34 31 31 33  38 42 4E 32
(V) 34 33 31 30  31 30 31 30  09 06 01 01  01 07 00 FF
(V) 06 00 00 02  24 09 06 01  01 02 07 00  FF 06 00 00
(V) 00 00 09 06  01 01 03 07  00 FF 06 00  00 00 1B 09
(V) 06 01 01 04  07 00 FF 06  00 00 00 99  09 06 01 01
(V) 1F 07 00 FF  06 00 00 00  EB 09 06 01  01 33 07 00
(V) FF 06 00 00  00 13 09 06  01 01 47 07  00 FF 06 00
(V) 00 00 23 09  06 01 01 20  07 00 FF 12  56 68 09 06
(V) 01 01 34 07  00 FF 12 56  CE 09 06 01  01 48 07 00
(V) FF 12 57 3A
(V) DLMS
(D) NOT Ready to update (internal clock 13:13:22 UTC, meter clock: 00:00:00, list type 2, est: 1)
(V) HDLC frame:
(V) 7E A1 00 41  03 13 2F 7A  E6 E7 00 DB  08 4B 41 4D
(V) 45 01 AB F4  3F 82 00 E7  30 00 78 4A  75 FE 46 19
(V) 3B 8D 55 CA  DB 6E CE C1  94 4E CB EE  6C 96 5E A6
(V) E5 00 9C 9B  20 B7 23 B8  FA 1D DC 74  CA 70 62 DA
(V) 77 9E DC B1  6B FE D3 D3  F5 75 99 4A  B0 A4 BC 11
(V) A4 35 AA 81  37 00 61 B5  19 E1 EE 6F  DB 96 60 6D
(V) 4C BD A3 41  41 51 D4 DE  1D 29 57 CA  C7 C1 9E 8D
(V) 1D 38 0B A2  6A 68 D8 71  02 40 75 79  A6 D7 2B F7
(V) 53 05 65 A4  D1 E4 64 B5  15 96 C4 85  76 E6 8C 14
(V) 4C 3D CD 61  91 C2 D5 44  BE 27 20 38  B2 5F 98 97
(V) E2 CA 43 C1  E3 52 E2 CA  3F 34 B1 DD  FE 6E 7E 2E
(V) 8E 65 C6 62  1E FA 71 9D  F1 72 11 97  39 CA 56 85
(V) 0E E1 9D 0B  E1 11 8E 68  38 54 68 14  EF 0B 75 17
(V) 9A 3B 2C 0E  F7 3B F1 C1  AC BE 6D D3  5C 94 68 57
(V) 00 F8 39 20  A5 6D 9D F8  80 49 3E D6  22 0E 78 29
(V) 06 DE 5C EB  11 72 4B 67  0A 89 E8 19  92 0B 09 76
(V) 87 7E
(V) LLC frame:
(V) E6 E7 00 DB  08 4B 41 4D  45 01 AB F4  3F 82 00 E7
(V) 30 00 78 4A  75 FE 46 19  3B 8D 55 CA  DB 6E CE C1
(V) 94 4E CB EE  6C 96 5E A6  E5 00 9C 9B  20 B7 23 B8
(V) FA 1D DC 74  CA 70 62 DA  77 9E DC B1  6B FE D3 D3
(V) F5 75 99 4A  B0 A4 BC 11  A4 35 AA 81  37 00 61 B5
(V) 19 E1 EE 6F  DB 96 60 6D  4C BD A3 41  41 51 D4 DE
(V) 1D 29 57 CA  C7 C1 9E 8D  1D 38 0B A2  6A 68 D8 71
(V) 02 40 75 79  A6 D7 2B F7  53 05 65 A4  D1 E4 64 B5
(V) 15 96 C4 85  76 E6 8C 14  4C 3D CD 61  91 C2 D5 44
(V) BE 27 20 38  B2 5F 98 97  E2 CA 43 C1  E3 52 E2 CA
(V) 3F 34 B1 DD  FE 6E 7E 2E  8E 65 C6 62  1E FA 71 9D
(V) F1 72 11 97  39 CA 56 85  0E E1 9D 0B  E1 11 8E 68
(V) 38 54 68 14  EF 0B 75 17  9A 3B 2C 0E  F7 3B F1 C1
(V) AC BE 6D D3  5C 94 68 57  00 F8 39 20  A5 6D 9D F8
(V) 80 49 3E D6  22 0E 78 29  06 DE 5C EB  11 72 4B 67
(V) 0A 89 E8 19  92 0B 09
(V) GCM frame:
(V) DB 08 4B 41  4D 45 01 AB  F4 3F 82 00  E7 30 00 78
(V) 4A 75 0F 00  00 00 00 0C  07 E9 09 09  02 0E 0D 1E
(V) FF 80 00 00  02 19 0A 0E  4B 61 6D 73  74 72 75 70
(V) 5F 56 30 30  30 31 09 06  01 01 00 00  05 FF 0A 10
(V) 35 37 30 36  35 36 37 32  38 30 34 36  33 39 39 31
(V) 09 06 01 01  60 01 01 FF  0A 12 36 38  34 31 31 33
(V) 38 42 4E 32  34 33 31 30  31 30 31 30  09 06 01 01
(V) 01 07 00 FF  06 00 00 02  25 09 06 01  01 02 07 00
(V) FF 06 00 00  00 00 09 06  01 01 03 07  00 FF 06 00
(V) 00 00 1B 09  06 01 01 04  07 00 FF 06  00 00 00 99
(V) 09 06 01 01  1F 07 00 FF  06 00 00 00  EC 09 06 01
(V) 01 33 07 00  FF 06 00 00  00 13 09 06  01 01 47 07
(V) 00 FF 06 00  00 00 23 09  06 01 01 20  07 00 FF 12
(V) 56 54 09 06  01 01 34 07  00 FF 12 56  A7 09 06 01
(V) 01 48 07 00  FF 12 56 FC  EB 11 72 4B  67 0A 89 E8
(V) 19 92 0B 09
(V) DLMS frame:
(V) 0F 00 00 00  00 0C 07 E9  09 09 02 0E  0D 1E FF 80
(V) 00 00 02 19  0A 0E 4B 61  6D 73 74 72  75 70 5F 56
(V) 30 30 30 31  09 06 01 01  00 00 05 FF  0A 10 35 37
(V) 30 36 35 36  37 32 38 30  34 36 33 39  39 31 09 06
(V) 01 01 60 01  01 FF 0A 12  36 38 34 31  31 33 38 42
(V) 4E 32 34 33  31 30 31 30  31 30 09 06  01 01 01 07
(V) 00 FF 06 00  00 02 25 09  06 01 01 02  07 00 FF 06
(V) 00 00 00 00  09 06 01 01  03 07 00 FF  06 00 00 00
(V) 1B 09 06 01  01 04 07 00  FF 06 00 00  00 99 09 06
(V) 01 01 1F 07  00 FF 06 00  00 00 EC 09  06 01 01 33
(V) 07 00 FF 06  00 00 00 13  09 06 01 01  47 07 00 FF
(V) 06 00 00 00  23 09 06 01  01 20 07 00  FF 12 56 54
(V) 09 06 01 01  34 07 00 FF  12 56 A7 09  06 01 01 48
(V) 07 00 FF 12  56 FC
(D) Received valid DLMS at 47 +196
(V) Using application data:
(V) 02 19 0A 0E  4B 61 6D 73  74 72 75 70  5F 56 30 30
(V) 30 31 09 06  01 01 00 00  05 FF 0A 10  35 37 30 36
(V) 35 36 37 32  38 30 34 36  33 39 39 31  09 06 01 01
(V) 60 01 01 FF  0A 12 36 38  34 31 31 33  38 42 4E 32
(V) 34 33 31 30  31 30 31 30  09 06 01 01  01 07 00 FF
(V) 06 00 00 02  25 09 06 01  01 02 07 00  FF 06 00 00
(V) 00 00 09 06  01 01 03 07  00 FF 06 00  00 00 1B 09
(V) 06 01 01 04  07 00 FF 06  00 00 00 99  09 06 01 01
(V) 1F 07 00 FF  06 00 00 00  EC 09 06 01  01 33 07 00
(V) FF 06 00 00  00 13 09 06  01 01 47 07  00 FF 06 00
(V) 00 00 23 09  06 01 01 20  07 00 FF 12  56 54 09 06
(V) 01 01 34 07  00 FF 12 56  A7 09 06 01  01 48 07 00
(V) FF 12 56 FC
(V) DLMS
(D) NOT Ready to update (internal clock 13:13:32 UTC, meter clock: 00:00:00, list type 2, est: 1)
q
* Debug: Command received: q
* Closing client connection ...
